[12:32:00]: Started WM
[12:32:00]: Started DM
[12:32:00]: DM Started for IM
[12:32:00]: Window gotten
[12:32:00]: Window set key repeat enabled false
[12:32:00]: Should have finished starting IM
[12:32:00]: Started IM
[12:32:00]: Started running game manager
[12:32:00]: Run time: 41000
[12:32:00]: Run time: 25000
[12:32:00]: Run time: 21000
[12:32:00]: Run time: 22000
[12:32:00]: Run time: 20000
[12:32:00]: Run time: 25000
[12:32:00]: Run time: 23000
[12:32:00]: Run time: 21000
[12:32:00]: Run time: 24000
[12:32:00]: Run time: 21000
[12:32:01]: Run time: 24000
[12:32:01]: Run time: 26000
[12:32:01]: Run time: 21000
[12:32:01]: Run time: 23000
[12:32:01]: Run time: 23000
[12:32:01]: Run time: 22000
[12:32:01]: Run time: 21000
[12:32:01]: Run time: 24000
[12:32:01]: Run time: 23000
[12:32:01]: Run time: 20000
[12:32:01]: Run time: 20000
[12:32:01]: Run time: 20000
[12:32:01]: Run time: 21000
[12:32:01]: Run time: 21000
[12:32:01]: Run time: 20000
[12:32:01]: Run time: 20000
[12:32:01]: Run time: 35000
[12:32:01]: Run time: 27000
[12:32:01]: Run time: 26000
[12:32:01]: Run time: 26000
[12:32:01]: Run time: 27000
[12:32:01]: Run time: 29000
[12:32:01]: Run time: 27000
[12:32:01]: Run time: 26000
[12:32:01]: Run time: 26000
[12:32:01]: Run time: 26000
[12:32:01]: Run time: 27000
[12:32:01]: Run time: 28000
[12:32:01]: Run time: 27000
[12:32:02]: Run time: 28000
[12:32:02]: Run time: 27000
[12:32:02]: Run time: 28000
[12:32:02]: Run time: 28000
[12:32:02]: Run time: 26000
[12:32:02]: Run time: 27000
[12:32:02]: Run time: 27000
[12:32:02]: Run time: 30000
[12:32:02]: Run time: 28000
[12:32:02]: Run time: 28000
[12:32:02]: Run time: 29000
[12:32:02]: Run time: 26000
[12:32:02]: Run time: 36000
[12:32:02]: Run time: 34000
[12:32:02]: Run time: 31000
[12:32:02]: Run time: 27000
[12:32:02]: Run time: 27000
[12:32:02]: Run time: 30000
[12:32:02]: Run time: 29000
[12:32:02]: Run time: 28000
[12:32:02]: Run time: 29000
[12:32:02]: Run time: 28000
[12:32:02]: Run time: 26000
[12:32:02]: Run time: 29000
[12:32:02]: Run time: 26000
[12:32:02]: Run time: 27000
[12:32:02]: Run time: 27000
[12:32:02]: Run time: 27000
[12:32:02]: Mouse Trap Button was clicked
[12:32:02]: Subtracted points
[12:32:02]: Created mouse trap.
[12:32:02]: Run time: 28000
[12:32:03]: Grabbed, moving to: (30.937500, 19.125000)
[12:32:03]: Run time: 27000
[12:32:03]: Grabbed, moving to: (30.937500, 19.125000)
[12:32:03]: Run time: 29000
[12:32:03]: Grabbed, moving to: (31.015625, 18.718750)
[12:32:03]: Run time: 28000
[12:32:03]: Grabbed, moving to: (31.718750, 17.875000)
[12:32:03]: Run time: 28000
[12:32:03]: Grabbed, moving to: (33.203125, 16.375000)
[12:32:03]: Run time: 29000
[12:32:03]: Grabbed, moving to: (34.609375, 14.843750)
[12:32:03]: Run time: 30000
[12:32:03]: Grabbed, moving to: (36.328125, 13.312500)
[12:32:03]: Run time: 27000
[12:32:03]: Grabbed, moving to: (38.125000, 11.937500)
[12:32:03]: Run time: 27000
[12:32:03]: Grabbed, moving to: (40.000000, 10.531250)
[12:32:03]: Run time: 29000
[12:32:03]: Grabbed, moving to: (41.093750, 9.593750)
[12:32:03]: Run time: 31000
[12:32:03]: Grabbed, moving to: (42.812500, 8.531250)
[12:32:03]: Run time: 31000
[12:32:03]: Grabbed, moving to: (45.937500, 7.187500)
[12:32:03]: Run time: 32000
[12:32:03]: Grabbed, moving to: (48.437500, 6.218750)
[12:32:03]: Run time: 29000
[12:32:03]: Grabbed, moving to: (50.390625, 5.375000)
[12:32:03]: Run time: 32000
[12:32:03]: Grabbed, moving to: (51.093750, 5.000000)
[12:32:03]: Run time: 31000
[12:32:03]: Grabbed, moving to: (51.406250, 4.812500)
[12:32:03]: Run time: 30000
[12:32:03]: Grabbed, moving to: (51.484375, 4.687500)
[12:32:03]: Run time: 31000
[12:32:03]: Grabbed, moving to: (51.484375, 4.531250)
[12:32:03]: Run time: 32000
[12:32:03]: Grabbed, moving to: (51.328125, 4.343750)
[12:32:03]: Run time: 32000
[12:32:03]: Grabbed, moving to: (50.937500, 4.000000)
[12:32:03]: Run time: 29000
[12:32:03]: Grabbed, moving to: (50.625000, 3.406250)
[12:32:03]: Run time: 29000
[12:32:03]: Grabbed, moving to: (50.468750, 2.937500)
[12:32:03]: Run time: 29000
[12:32:03]: Grabbed, moving to: (50.234375, 2.531250)
[12:32:03]: Run time: 28000
[12:32:03]: Grabbed, moving to: (50.156250, 2.375000)
[12:32:03]: Run time: 32000
[12:32:03]: Grabbed, moving to: (50.000000, 2.187500)
[12:32:03]: Run time: 34000
[12:32:03]: Grabbed, moving to: (49.765625, 2.093750)
[12:32:03]: Run time: 36000
[12:32:03]: Grabbed, moving to: (49.531250, 2.031250)
[12:32:03]: Run time: 29000
[12:32:03]: Grabbed, moving to: (48.750000, 1.843750)
[12:32:03]: Run time: 27000
[12:32:03]: Grabbed, moving to: (47.734375, 1.593750)
[12:32:03]: Run time: 30000
[12:32:03]: Grabbed, moving to: (46.953125, 1.406250)
[12:32:04]: Run time: 28000
[12:32:04]: Grabbed, moving to: (46.875000, 1.375000)
[12:32:04]: Run time: 49000
[12:32:04]: Grabbed, moving to: (46.796875, 1.375000)
[12:32:04]: Run time: 30000
[12:32:04]: Grabbed, moving to: (46.406250, 1.625000)
[12:32:04]: Run time: 28000
[12:32:04]: Grabbed, moving to: (46.406250, 1.781250)
[12:32:04]: Run time: 27000
[12:32:04]: Grabbed, moving to: (46.406250, 1.781250)
[12:32:04]: Run time: 28000
[12:32:04]: Grabbed, moving to: (46.406250, 1.781250)
[12:32:04]: Run time: 28000
[12:32:04]: Grabbed, moving to: (46.406250, 1.781250)
[12:32:04]: Run time: 28000
[12:32:04]: Grabbed, moving to: (46.406250, 1.781250)
[12:32:04]: Run time: 29000
[12:32:04]: Grabbed, moving to: (46.328125, 1.718750)
[12:32:04]: Run time: 29000
[12:32:04]: Grabbed, moving to: (46.328125, 1.718750)
[12:32:04]: Run time: 29000
[12:32:04]: Grabbed, moving to: (46.328125, 1.718750)
[12:32:04]: Run time: 29000
[12:32:04]: Grabbed, moving to: (46.328125, 1.718750)
[12:32:04]: Run time: 29000
[12:32:04]: Grabbed, moving to: (46.328125, 1.718750)
[12:32:04]: Run time: 28000
[12:32:04]: Grabbed, moving to: (46.328125, 1.718750)
[12:32:04]: Run time: 29000
[12:32:04]: Grabbed, moving to: (46.328125, 1.718750)
[12:32:04]: Run time: 26000
[12:32:04]: Grabbed, moving to: (46.328125, 1.718750)
[12:32:04]: Run time: 29000
[12:32:04]: Grabbed, moving to: (46.328125, 1.718750)
[12:32:04]: Run time: 26000
[12:32:04]: Grabbed, moving to: (46.328125, 1.718750)
[12:32:04]: Run time: 28000
[12:32:04]: Grabbed, moving to: (46.328125, 1.718750)
[12:32:04]: Run time: 29000
[12:32:04]: Grabbed, moving to: (46.328125, 1.718750)
[12:32:04]: Run time: 27000
[12:32:04]: Grabbed, moving to: (46.328125, 1.718750)
[12:32:04]: Run time: 29000
[12:32:04]: Grabbed, moving to: (46.328125, 1.718750)
[12:32:04]: Run time: 28000
[12:32:04]: Grabbed, moving to: (46.328125, 1.718750)
[12:32:04]: Run time: 28000
[12:32:04]: Grabbed, moving to: (46.328125, 1.718750)
[12:32:04]: Run time: 29000
[12:32:04]: Grabbed, moving to: (46.328125, 1.718750)
[12:32:04]: Run time: 29000
[12:32:04]: Grabbed, moving to: (46.328125, 1.718750)
[12:32:04]: Run time: 28000
[12:32:04]: Grabbed, moving to: (46.328125, 1.718750)
[12:32:04]: Run time: 27000
[12:32:04]: Grabbed, moving to: (46.328125, 1.718750)
[12:32:04]: Run time: 29000
[12:32:04]: Grabbed, moving to: (46.328125, 1.718750)
[12:32:05]: Run time: 28000
[12:32:05]: Grabbed, moving to: (46.328125, 1.718750)
[12:32:05]: Run time: 28000
[12:32:05]: Run time: 28000
[12:32:05]: Run time: 27000
[12:32:05]: Run time: 28000
[12:32:05]: Run time: 29000
[12:32:05]: Run time: 27000
[12:32:05]: Run time: 31000
[12:32:05]: Run time: 30000
[12:32:05]: Run time: 29000
[12:32:05]: Run time: 29000
[12:32:05]: Run time: 30000
[12:32:05]: Run time: 34000
[12:32:05]: Run time: 28000
[12:32:05]: Run time: 27000
[12:32:05]: Run time: 28000
[12:32:05]: Run time: 26000
[12:32:05]: Run time: 27000
[12:32:05]: Run time: 54000
[12:32:05]: Run time: 27000
[12:32:05]: Run time: 28000
[12:32:05]: Run time: 29000
[12:32:05]: Run time: 28000
[12:32:05]: Run time: 27000
[12:32:05]: Run time: 28000
[12:32:05]: Run time: 28000
[12:32:05]: Run time: 30000
[12:32:05]: Run time: 27000
[12:32:06]: Run time: 28000
[12:32:06]: Run time: 28000
[12:32:06]: Run time: 27000
[12:32:06]: Run time: 28000
[12:32:06]: Run time: 29000
[12:32:06]: Run time: 30000
[12:32:06]: Run time: 29000
[12:32:06]: Run time: 27000
[12:32:06]: Run time: 28000
[12:32:06]: Run time: 28000
[12:32:06]: Run time: 28000
[12:32:06]: Run time: 27000
[12:32:06]: Run time: 29000
[12:32:06]: Run time: 32000
[12:32:06]: Run time: 27000
[12:32:06]: Run time: 31000
[12:32:06]: Run time: 40000
[12:32:06]: Run time: 28000
[12:32:06]: Run time: 30000
[12:32:06]: Run time: 27000
[12:32:06]: Run time: 26000
[12:32:06]: Run time: 29000
[12:32:06]: Run time: 31000
[12:32:06]: Run time: 27000
[12:32:06]: Run time: 26000
[12:32:06]: Run time: 28000
[12:32:06]: Run time: 29000
[12:32:06]: Run time: 27000
[12:32:06]: Run time: 27000
[12:32:06]: Run time: 27000
[12:32:07]: Run time: 31000
[12:32:07]: Run time: 26000
[12:32:07]: Run time: 28000
[12:32:07]: Run time: 27000
[12:32:07]: Run time: 27000
[12:32:07]: Run time: 28000
[12:32:07]: Run time: 26000
[12:32:07]: Run time: 27000
[12:32:07]: Run time: 27000
[12:32:07]: Run time: 30000
[12:32:07]: Run time: 27000
[12:32:07]: Run time: 26000
[12:32:07]: Run time: 28000
[12:32:07]: Run time: 28000
[12:32:07]: Run time: 28000
[12:32:07]: Run time: 28000
[12:32:07]: Run time: 27000
[12:32:07]: Run time: 28000
[12:32:07]: Run time: 27000
[12:32:07]: Run time: 28000
[12:32:07]: Run time: 26000
[12:32:07]: Run time: 27000
[12:32:07]: Run time: 28000
[12:32:07]: Run time: 28000
[12:32:07]: Run time: 28000
[12:32:07]: Run time: 27000
[12:32:07]: Run time: 29000
[12:32:07]: Run time: 27000
[12:32:07]: Run time: 28000
[12:32:08]: Run time: 28000
[12:32:08]: Run time: 28000
[12:32:08]: Run time: 28000
[12:32:08]: Run time: 27000
[12:32:08]: Run time: 28000
[12:32:08]: Run time: 28000
[12:32:08]: Run time: 27000
[12:32:08]: Run time: 27000
[12:32:08]: Run time: 28000
[12:32:08]: Run time: 28000
[12:32:08]: Run time: 30000
[12:32:08]: Run time: 29000
[12:32:08]: Run time: 30000
[12:32:08]: Run time: 27000
[12:32:08]: Run time: 28000
[12:32:08]: Run time: 27000
[12:32:08]: Run time: 27000
[12:32:08]: Run time: 29000
[12:32:08]: Run time: 32000
[12:32:08]: Run time: 30000
[12:32:08]: Run time: 28000
[12:32:08]: Run time: 28000
[12:32:08]: Run time: 29000
[12:32:08]: Run time: 29000
[12:32:08]: Run time: 27000
[12:32:08]: Run time: 31000
[12:32:08]: Run time: 29000
[12:32:08]: Run time: 27000
[12:32:08]: Run time: 28000
[12:32:09]: Run time: 27000
[12:32:09]: Run time: 29000
[12:32:09]: Run time: 31000
[12:32:09]: Run time: 29000
[12:32:09]: Run time: 29000
[12:32:09]: Run time: 27000
[12:32:09]: Run time: 27000
[12:32:09]: Run time: 30000
[12:32:09]: Run time: 29000
[12:32:09]: Run time: 29000
[12:32:09]: Run time: 26000
[12:32:09]: Run time: 27000
[12:32:09]: Run time: 28000
[12:32:09]: Generated wave
[12:32:09]: Spawnining initial attack
[12:32:09]: Spawned new mouse
[12:32:09]: Set waiting counter
[12:32:09]: setup first attack
[12:32:09]: Done sending wave
[12:32:09]: calculated difference
[12:32:09]: Created the event view
[12:32:09]: Updated wave
[12:32:09]: Updated wave count
[12:32:09]: Run time: 34000
[12:32:09]: Waiting on counter
[12:32:09]: Run time: 28000
[12:32:09]: Waiting on counter
[12:32:09]: Run time: 28000
[12:32:09]: Waiting on counter
[12:32:09]: Run time: 30000
[12:32:09]: Waiting on counter
[12:32:09]: Run time: 27000
[12:32:09]: Waiting on counter
[12:32:09]: Run time: 28000
[12:32:09]: Waiting on counter
[12:32:09]: Run time: 28000
[12:32:09]: Waiting on counter
[12:32:09]: Run time: 27000
[12:32:09]: Waiting on counter
[12:32:09]: Run time: 27000
[12:32:09]: Waiting on counter
[12:32:09]: Run time: 27000
[12:32:09]: Waiting on counter
[12:32:09]: Run time: 26000
[12:32:09]: Waiting on counter
[12:32:09]: Run time: 30000
[12:32:09]: Waiting on counter
[12:32:09]: Run time: 31000
[12:32:09]: Waiting on counter
[12:32:09]: Run time: 29000
[12:32:09]: Waiting on counter
[12:32:09]: Run time: 27000
[12:32:09]: Waiting on counter
[12:32:09]: Run time: 29000
[12:32:09]: Waiting on counter
[12:32:09]: Run time: 27000
[12:32:09]: Waiting on counter
[12:32:10]: Run time: 27000
[12:32:10]: Waiting on counter
[12:32:10]: Run time: 27000
[12:32:10]: Waiting on counter
[12:32:10]: Run time: 29000
[12:32:10]: Waiting on counter
[12:32:10]: Run time: 31000
[12:32:10]: Waiting on counter
[12:32:10]: Run time: 27000
[12:32:10]: Waiting on counter
[12:32:10]: Run time: 28000
[12:32:10]: Waiting on counter
[12:32:10]: Run time: 28000
[12:32:10]: Waiting on counter
[12:32:10]: Run time: 27000
[12:32:10]: Waiting on counter
[12:32:10]: Run time: 28000
[12:32:10]: Waiting on counter
[12:32:10]: Run time: 28000
[12:32:10]: Waiting on counter
[12:32:10]: Run time: 28000
[12:32:10]: Waiting on counter
[12:32:10]: Run time: 28000
[12:32:10]: Waiting on counter
[12:32:10]: Run time: 27000
[12:32:10]: Waiting on counter
[12:32:10]: Run time: 28000
[12:32:10]: Run time: 27000
[12:32:10]: Run time: 28000
[12:32:10]: Run time: 27000
[12:32:10]: Run time: 28000
[12:32:10]: Run time: 28000
[12:32:10]: Run time: 28000
[12:32:10]: Run time: 27000
[12:32:10]: Run time: 27000
[12:32:10]: Run time: 29000
[12:32:10]: Run time: 28000
[12:32:10]: Run time: 30000
[12:32:10]: Run time: 28000
[12:32:10]: Run time: 28000
[12:32:10]: Run time: 28000
[12:32:10]: Run time: 27000
[12:32:11]: Run time: 26000
[12:32:11]: Run time: 29000
[12:32:11]: Run time: 26000
[12:32:11]: Run time: 27000
[12:32:11]: Run time: 27000
[12:32:11]: Run time: 28000
[12:32:11]: Run time: 29000
[12:32:11]: Run time: 28000
[12:32:11]: Run time: 28000
[12:32:11]: Run time: 28000
[12:32:11]: Run time: 28000
[12:32:11]: Run time: 27000
[12:32:11]: Run time: 28000
[12:32:11]: Run time: 28000
[12:32:11]: Run time: 33000
[12:32:11]: Run time: 30000
[12:32:11]: Generated wave
[12:32:11]: Spawnining initial attack
[12:32:11]: Spawned new mouse
[12:32:11]: Set waiting counter
[12:32:11]: setup first attack
[12:32:11]: Done sending wave
[12:32:11]: calculated difference
[12:32:11]: Created the event view
[12:32:11]: Updated wave
[12:32:11]: Updated wave count
[12:32:11]: Run time: 28000
[12:32:11]: Waiting on counter
[12:32:11]: Run time: 29000
[12:32:11]: Waiting on counter
[12:32:11]: Run time: 26000
[12:32:11]: Waiting on counter
[12:32:11]: Run time: 27000
[12:32:11]: Waiting on counter
[12:32:11]: Generated wave
[12:32:11]: Spawnining initial attack
[12:32:11]: Spawned new mouse
[12:32:11]: Set waiting counter
[12:32:11]: setup first attack
[12:32:11]: Done sending wave
[12:32:11]: calculated difference
[12:32:11]: Created the event view
[12:32:11]: Updated wave
[12:32:11]: Updated wave count
[12:32:11]: Run time: 30000
[12:32:11]: Waiting on counter
[12:32:11]: Waiting on counter
[12:32:11]: Run time: 28000
[12:32:11]: Waiting on counter
[12:32:11]: Waiting on counter
[12:32:11]: Run time: 27000
[12:32:11]: Waiting on counter
[12:32:11]: Waiting on counter
[12:32:11]: Run time: 27000
[12:32:11]: Waiting on counter
[12:32:11]: Waiting on counter
[12:32:11]: Run time: 32000
[12:32:11]: Waiting on counter
[12:32:11]: Waiting on counter
[12:32:11]: Generated wave
[12:32:11]: Spawnining initial attack
[12:32:11]: Spawned new mouse
[12:32:11]: Set waiting counter
[12:32:11]: setup first attack
[12:32:11]: Done sending wave
[12:32:11]: calculated difference
[12:32:11]: Created the event view
[12:32:11]: Updated wave
[12:32:11]: Updated wave count
[12:32:11]: Run time: 29000
[12:32:11]: Waiting on counter
[12:32:11]: Waiting on counter
[12:32:11]: Waiting on counter
[12:32:11]: Run time: 30000
[12:32:11]: Waiting on counter
[12:32:11]: Waiting on counter
[12:32:11]: Waiting on counter
[12:32:11]: Run time: 29000
[12:32:11]: Waiting on counter
[12:32:11]: Waiting on counter
[12:32:11]: Waiting on counter
[12:32:11]: Run time: 29000
[12:32:11]: Waiting on counter
[12:32:11]: Waiting on counter
[12:32:11]: Waiting on counter
[12:32:12]: Run time: 30000
[12:32:12]: Waiting on counter
[12:32:12]: Waiting on counter
[12:32:12]: Waiting on counter
[12:32:12]: Generated wave
[12:32:12]: Spawnining initial attack
[12:32:12]: Spawned new mouse
[12:32:12]: Set waiting counter
[12:32:12]: setup first attack
[12:32:12]: Done sending wave
[12:32:12]: calculated difference
[12:32:12]: Created the event view
[12:32:12]: Updated wave
[12:32:12]: Updated wave count
[12:32:12]: Run time: 30000
[12:32:12]: Waiting on counter
[12:32:12]: Waiting on counter
[12:32:12]: Waiting on counter
[12:32:12]: Waiting on counter
[12:32:12]: Run time: 29000
[12:32:12]: Waiting on counter
[12:32:12]: Waiting on counter
[12:32:12]: Waiting on counter
[12:32:12]: Waiting on counter
[12:32:12]: Run time: 30000
[12:32:12]: Waiting on counter
[12:32:12]: Waiting on counter
[12:32:12]: Waiting on counter
[12:32:12]: Waiting on counter
[12:32:12]: Run time: 28000
[12:32:12]: Waiting on counter
[12:32:12]: Waiting on counter
[12:32:12]: Waiting on counter
[12:32:12]: Waiting on counter
[12:32:12]: Generated wave
[12:32:12]: Spawnining initial attack
[12:32:12]: Spawned new mouse
[12:32:12]: Set waiting counter
[12:32:12]: setup first attack
[12:32:12]: Done sending wave
[12:32:12]: calculated difference
[12:32:12]: Created the event view
[12:32:12]: Updated wave
[12:32:12]: Updated wave count
[12:32:12]: Run time: 31000
[12:32:12]: Waiting on counter
[12:32:12]: Waiting on counter
[12:32:12]: Waiting on counter
[12:32:12]: Waiting on counter
[12:32:12]: Waiting on counter
[12:32:12]: Run time: 32000
[12:32:12]: Waiting on counter
[12:32:12]: Waiting on counter
[12:32:12]: Waiting on counter
[12:32:12]: Waiting on counter
[12:32:12]: Waiting on counter
[12:32:12]: Run time: 29000
[12:32:12]: Waiting on counter
[12:32:12]: Waiting on counter
[12:32:12]: Waiting on counter
[12:32:12]: Waiting on counter
[12:32:12]: Waiting on counter
[12:32:12]: Run time: 31000
[12:32:12]: Waiting on counter
[12:32:12]: Waiting on counter
[12:32:12]: Waiting on counter
[12:32:12]: Waiting on counter
[12:32:12]: Waiting on counter
[12:32:12]: Run time: 30000
[12:32:12]: Waiting on counter
[12:32:12]: Waiting on counter
[12:32:12]: Waiting on counter
[12:32:12]: Waiting on counter
[12:32:12]: Waiting on counter
[12:32:12]: Run time: 33000
[12:32:12]: Waiting on counter
[12:32:12]: Waiting on counter
[12:32:12]: Waiting on counter
[12:32:12]: Waiting on counter
[12:32:12]: Waiting on counter
[12:32:12]: Run time: 31000
[12:32:12]: Waiting on counter
[12:32:12]: Waiting on counter
[12:32:12]: Waiting on counter
[12:32:12]: Waiting on counter
[12:32:12]: Waiting on counter
[12:32:12]: Run time: 32000
[12:32:12]: Waiting on counter
[12:32:12]: Waiting on counter
[12:32:12]: Waiting on counter
[12:32:12]: Waiting on counter
[12:32:12]: Waiting on counter
[12:32:12]: Run time: 31000
[12:32:12]: Waiting on counter
[12:32:12]: Waiting on counter
[12:32:12]: Waiting on counter
[12:32:12]: Waiting on counter
[12:32:12]: Waiting on counter
[12:32:12]: Run time: 32000
[12:32:12]: Waiting on counter
[12:32:12]: Waiting on counter
[12:32:12]: Waiting on counter
[12:32:12]: Waiting on counter
[12:32:12]: Waiting on counter
[12:32:12]: Run time: 37000
[12:32:12]: Waiting on counter
[12:32:12]: Waiting on counter
[12:32:12]: Waiting on counter
[12:32:12]: Waiting on counter
[12:32:12]: Waiting on counter
[12:32:12]: Run time: 34000
[12:32:12]: Waiting on counter
[12:32:12]: Waiting on counter
[12:32:12]: Waiting on counter
[12:32:12]: Waiting on counter
[12:32:12]: Waiting on counter
[12:32:12]: Run time: 32000
[12:32:12]: Spawning next mouse
[12:32:12]: Waiting on counter
[12:32:12]: Waiting on counter
[12:32:12]: Waiting on counter
[12:32:12]: Waiting on counter
[12:32:12]: Run time: 30000
[12:32:12]: Waiting on counter
[12:32:12]: Waiting on counter
[12:32:12]: Waiting on counter
[12:32:12]: Waiting on counter
[12:32:12]: Run time: 33000
[12:32:12]: Waiting on counter
[12:32:12]: Waiting on counter
[12:32:12]: Waiting on counter
[12:32:12]: Waiting on counter
[12:32:12]: Run time: 32000
[12:32:12]: Waiting on counter
[12:32:12]: Waiting on counter
[12:32:12]: Waiting on counter
[12:32:12]: Waiting on counter
[12:32:12]: Run time: 30000
[12:32:12]: Spawning next mouse
[12:32:12]: Waiting on counter
[12:32:12]: Waiting on counter
[12:32:12]: Waiting on counter
[12:32:12]: Run time: 37000
[12:32:12]: Waiting on counter
[12:32:12]: Waiting on counter
[12:32:12]: Waiting on counter
[12:32:12]: Waiting on counter
[12:32:12]: Run time: 33000
[12:32:12]: Waiting on counter
[12:32:12]: Waiting on counter
[12:32:12]: Waiting on counter
[12:32:12]: Waiting on counter
[12:32:12]: Run time: 33000
[12:32:12]: Waiting on counter
[12:32:12]: Waiting on counter
[12:32:12]: Waiting on counter
[12:32:12]: Waiting on counter
[12:32:12]: Run time: 31000
[12:32:12]: Waiting on counter
[12:32:12]: Waiting on counter
[12:32:12]: Waiting on counter
[12:32:12]: Waiting on counter
[12:32:12]: Run time: 33000
[12:32:12]: Waiting on counter
[12:32:12]: Spawning next mouse
[12:32:12]: Waiting on counter
[12:32:12]: Waiting on counter
[12:32:12]: Run time: 33000
[12:32:12]: Waiting on counter
[12:32:12]: Waiting on counter
[12:32:12]: Waiting on counter
[12:32:12]: Waiting on counter
[12:32:12]: Run time: 32000
[12:32:12]: Waiting on counter
[12:32:12]: Waiting on counter
[12:32:12]: Waiting on counter
[12:32:12]: Waiting on counter
[12:32:13]: Run time: 33000
[12:32:13]: Waiting on counter
[12:32:13]: Waiting on counter
[12:32:13]: Waiting on counter
[12:32:13]: Waiting on counter
[12:32:13]: Run time: 31000
[12:32:13]: Waiting on counter
[12:32:13]: Waiting on counter
[12:32:13]: Waiting on counter
[12:32:13]: Waiting on counter
[12:32:13]: Run time: 30000
[12:32:13]: Waiting on counter
[12:32:13]: Waiting on counter
[12:32:13]: Spawning next mouse
[12:32:13]: Waiting on counter
[12:32:13]: Run time: 32000
[12:32:13]: Waiting on counter
[12:32:13]: Waiting on counter
[12:32:13]: Waiting on counter
[12:32:13]: Waiting on counter
[12:32:13]: Run time: 31000
[12:32:13]: Waiting on counter
[12:32:13]: Waiting on counter
[12:32:13]: Waiting on counter
[12:32:13]: Waiting on counter
[12:32:13]: Run time: 35000
[12:32:13]: Waiting on counter
[12:32:13]: Waiting on counter
[12:32:13]: Waiting on counter
[12:32:13]: Waiting on counter
[12:32:13]: Run time: 34000
[12:32:13]: Waiting on counter
[12:32:13]: Waiting on counter
[12:32:13]: Waiting on counter
[12:32:13]: Spawning next mouse
[12:32:13]: Run time: 35000
[12:32:13]: Waiting on counter
[12:32:13]: Waiting on counter
[12:32:13]: Waiting on counter
[12:32:13]: Waiting on counter
[12:32:13]: Run time: 32000
[12:32:13]: Waiting on counter
[12:32:13]: Waiting on counter
[12:32:13]: Waiting on counter
[12:32:13]: Waiting on counter
[12:32:13]: Run time: 34000
[12:32:13]: Waiting on counter
[12:32:13]: Waiting on counter
[12:32:13]: Waiting on counter
[12:32:13]: Waiting on counter
[12:32:13]: Run time: 32000
[12:32:13]: Waiting on counter
[12:32:13]: Waiting on counter
[12:32:13]: Waiting on counter
[12:32:13]: Waiting on counter
[12:32:13]: Run time: 33000
[12:32:13]: Waiting on counter
[12:32:13]: Waiting on counter
[12:32:13]: Waiting on counter
[12:32:13]: Waiting on counter
[12:32:13]: Run time: 34000
[12:32:13]: Waiting on counter
[12:32:13]: Waiting on counter
[12:32:13]: Waiting on counter
[12:32:13]: Waiting on counter
[12:32:13]: Run time: 31000
[12:32:13]: Waiting on counter
[12:32:13]: Waiting on counter
[12:32:13]: Waiting on counter
[12:32:13]: Waiting on counter
[12:32:13]: Run time: 32000
[12:32:13]: Waiting on counter
[12:32:13]: Waiting on counter
[12:32:13]: Waiting on counter
[12:32:13]: Waiting on counter
[12:32:13]: Run time: 31000
[12:32:13]: Waiting on counter
[12:32:13]: Waiting on counter
[12:32:13]: Waiting on counter
[12:32:13]: Waiting on counter
[12:32:13]: Run time: 30000
[12:32:13]: Waiting on counter
[12:32:13]: Waiting on counter
[12:32:13]: Waiting on counter
[12:32:13]: Waiting on counter
[12:32:13]: Run time: 36000
[12:32:13]: Waiting on counter
[12:32:13]: Waiting on counter
[12:32:13]: Waiting on counter
[12:32:13]: Waiting on counter
[12:32:13]: Run time: 35000
[12:32:13]: Waiting on counter
[12:32:13]: Waiting on counter
[12:32:13]: Waiting on counter
[12:32:13]: Waiting on counter
[12:32:13]: Run time: 33000
[12:32:13]: Waiting on counter
[12:32:13]: Waiting on counter
[12:32:13]: Waiting on counter
[12:32:13]: Waiting on counter
[12:32:13]: Run time: 33000
[12:32:13]: Waiting on counter
[12:32:13]: Waiting on counter
[12:32:13]: Waiting on counter
[12:32:13]: Waiting on counter
[12:32:13]: Run time: 33000
[12:32:13]: Waiting on counter
[12:32:13]: Waiting on counter
[12:32:13]: Waiting on counter
[12:32:13]: Waiting on counter
[12:32:13]: Run time: 32000
[12:32:13]: Waiting on counter
[12:32:13]: Waiting on counter
[12:32:13]: Waiting on counter
[12:32:13]: Waiting on counter
[12:32:13]: Run time: 33000
[12:32:13]: Spawning next mouse
[12:32:13]: Waiting on counter
[12:32:13]: Waiting on counter
[12:32:13]: Waiting on counter
[12:32:13]: Run time: 33000
[12:32:13]: Waiting on counter
[12:32:13]: Waiting on counter
[12:32:13]: Waiting on counter
[12:32:13]: Run time: 33000
[12:32:13]: Waiting on counter
[12:32:13]: Waiting on counter
[12:32:13]: Waiting on counter
[12:32:13]: Run time: 34000
[12:32:13]: Waiting on counter
[12:32:13]: Waiting on counter
[12:32:13]: Waiting on counter
[12:32:13]: Run time: 33000
[12:32:13]: Waiting on counter
[12:32:13]: Waiting on counter
[12:32:13]: Waiting on counter
[12:32:13]: Run time: 33000
[12:32:13]: Spawning next mouse
[12:32:13]: Waiting on counter
[12:32:13]: Waiting on counter
[12:32:13]: Run time: 33000
[12:32:13]: Waiting on counter
[12:32:13]: Waiting on counter
[12:32:13]: Waiting on counter
[12:32:14]: Run time: 35000
[12:32:14]: Waiting on counter
[12:32:14]: Waiting on counter
[12:32:14]: Waiting on counter
[12:32:14]: Run time: 33000
[12:32:14]: Waiting on counter
[12:32:14]: Waiting on counter
[12:32:14]: Waiting on counter
[12:32:14]: Run time: 34000
[12:32:14]: Waiting on counter
[12:32:14]: Waiting on counter
[12:32:14]: Waiting on counter
[12:32:14]: Run time: 32000
[12:32:14]: Waiting on counter
[12:32:14]: Spawning next mouse
[12:32:14]: Waiting on counter
[12:32:14]: Run time: 35000
[12:32:14]: Waiting on counter
[12:32:14]: Waiting on counter
[12:32:14]: Waiting on counter
[12:32:14]: Run time: 42000
[12:32:14]: Waiting on counter
[12:32:14]: Waiting on counter
[12:32:14]: Waiting on counter
[12:32:14]: Run time: 35000
[12:32:14]: Waiting on counter
[12:32:14]: Waiting on counter
[12:32:14]: Waiting on counter
[12:32:14]: Run time: 38000
[12:32:14]: Waiting on counter
[12:32:14]: Waiting on counter
[12:32:14]: Spawning next mouse
[12:32:14]: Run time: 38000
[12:32:14]: Waiting on counter
[12:32:14]: Waiting on counter
[12:32:14]: Waiting on counter
[12:32:14]: Run time: 33000
[12:32:14]: Waiting on counter
[12:32:14]: Waiting on counter
[12:32:14]: Waiting on counter
[12:32:14]: Run time: 39000
[12:32:14]: Waiting on counter
[12:32:14]: Waiting on counter
[12:32:14]: Waiting on counter
[12:32:14]: Run time: 33000
[12:32:14]: Waiting on counter
[12:32:14]: Waiting on counter
[12:32:14]: Waiting on counter
[12:32:14]: Run time: 33000
[12:32:14]: Waiting on counter
[12:32:14]: Waiting on counter
[12:32:14]: Waiting on counter
[12:32:14]: Run time: 32000
[12:32:14]: Waiting on counter
[12:32:14]: Waiting on counter
[12:32:14]: Waiting on counter
[12:32:14]: Run time: 34000
[12:32:14]: Waiting on counter
[12:32:14]: Waiting on counter
[12:32:14]: Waiting on counter
[12:32:14]: Run time: 34000
[12:32:14]: Waiting on counter
[12:32:14]: Waiting on counter
[12:32:14]: Waiting on counter
[12:32:14]: Run time: 34000
[12:32:14]: Spawning attack number, 1
[12:32:14]: Spawnining initial attack
[12:32:14]: Spawned new mouse
[12:32:14]: Set waiting counter
[12:32:14]: Waiting on counter
[12:32:14]: Waiting on counter
[12:32:14]: Waiting on counter
[12:32:14]: Run time: 37000
[12:32:14]: Waiting on counter
[12:32:14]: Waiting on counter
[12:32:14]: Waiting on counter
[12:32:14]: Waiting on counter
[12:32:14]: Run time: 35000
[12:32:14]: Waiting on counter
[12:32:14]: Waiting on counter
[12:32:14]: Waiting on counter
[12:32:14]: Waiting on counter
[12:32:14]: Run time: 35000
[12:32:14]: Waiting on counter
[12:32:14]: Waiting on counter
[12:32:14]: Waiting on counter
[12:32:14]: Waiting on counter
[12:32:14]: Run time: 35000
[12:32:14]: Waiting on counter
[12:32:14]: Waiting on counter
[12:32:14]: Waiting on counter
[12:32:14]: Waiting on counter
[12:32:14]: Run time: 35000
[12:32:14]: Waiting on counter
[12:32:14]: Waiting on counter
[12:32:14]: Waiting on counter
[12:32:14]: Waiting on counter
[12:32:14]: Run time: 35000
[12:32:14]: Waiting on counter
[12:32:14]: Waiting on counter
[12:32:14]: Waiting on counter
[12:32:14]: Waiting on counter
[12:32:14]: Run time: 33000
[12:32:14]: Waiting on counter
[12:32:14]: Waiting on counter
[12:32:14]: Waiting on counter
[12:32:14]: Waiting on counter
[12:32:14]: Run time: 35000
[12:32:14]: Waiting on counter
[12:32:14]: Waiting on counter
[12:32:14]: Waiting on counter
[12:32:14]: Waiting on counter
[12:32:14]: Run time: 35000
[12:32:14]: Waiting on counter
[12:32:14]: Waiting on counter
[12:32:14]: Waiting on counter
[12:32:14]: Waiting on counter
[12:32:14]: Run time: 35000
[12:32:14]: Waiting on counter
[12:32:14]: Waiting on counter
[12:32:14]: Waiting on counter
[12:32:14]: Waiting on counter
[12:32:14]: Run time: 34000
[12:32:14]: Waiting on counter
[12:32:14]: Waiting on counter
[12:32:14]: Waiting on counter
[12:32:14]: Waiting on counter
[12:32:15]: Run time: 35000
[12:32:15]: Waiting on counter
[12:32:15]: Waiting on counter
[12:32:15]: Waiting on counter
[12:32:15]: Waiting on counter
[12:32:15]: Run time: 37000
[12:32:15]: Waiting on counter
[12:32:15]: Spawning next mouse
[12:32:15]: Waiting on counter
[12:32:15]: Waiting on counter
[12:32:15]: Run time: 35000
[12:32:15]: Waiting on counter
[12:32:15]: Waiting on counter
[12:32:15]: Waiting on counter
[12:32:15]: Run time: 35000
[12:32:15]: Waiting on counter
[12:32:15]: Waiting on counter
[12:32:15]: Waiting on counter
[12:32:15]: Run time: 34000
[12:32:15]: Waiting on counter
[12:32:15]: Waiting on counter
[12:32:15]: Waiting on counter
[12:32:15]: Run time: 35000
[12:32:15]: Waiting on counter
[12:32:15]: Waiting on counter
[12:32:15]: Waiting on counter
[12:32:15]: Run time: 35000
[12:32:15]: Waiting on counter
[12:32:15]: Spawning next mouse
[12:32:15]: Waiting on counter
[12:32:15]: Run time: 36000
[12:32:15]: Waiting on counter
[12:32:15]: Waiting on counter
[12:32:15]: Waiting on counter
[12:32:15]: Run time: 36000
[12:32:15]: Waiting on counter
[12:32:15]: Waiting on counter
[12:32:15]: Waiting on counter
[12:32:15]: Run time: 34000
[12:32:15]: Waiting on counter
[12:32:15]: Waiting on counter
[12:32:15]: Waiting on counter
[12:32:15]: Run time: 35000
[12:32:15]: Waiting on counter
[12:32:15]: Waiting on counter
[12:32:15]: Spawning next mouse
[12:32:15]: Run time: 35000
[12:32:15]: Waiting on counter
[12:32:15]: Waiting on counter
[12:32:15]: Waiting on counter
[12:32:15]: Run time: 35000
[12:32:15]: Waiting on counter
[12:32:15]: Waiting on counter
[12:32:15]: Waiting on counter
[12:32:15]: Run time: 34000
[12:32:15]: Waiting on counter
[12:32:15]: Waiting on counter
[12:32:15]: Waiting on counter
[12:32:15]: Run time: 34000
[12:32:15]: Waiting on counter
[12:32:15]: Waiting on counter
[12:32:15]: Waiting on counter
[12:32:15]: Run time: 35000
[12:32:15]: Waiting on counter
[12:32:15]: Waiting on counter
[12:32:15]: Waiting on counter
[12:32:15]: Run time: 39000
[12:32:15]: Waiting on counter
[12:32:15]: Waiting on counter
[12:32:15]: Waiting on counter
[12:32:15]: Run time: 36000
[12:32:15]: Waiting on counter
[12:32:15]: Waiting on counter
[12:32:15]: Waiting on counter
[12:32:15]: Run time: 36000
[12:32:15]: Waiting on counter
[12:32:15]: Waiting on counter
[12:32:15]: Waiting on counter
[12:32:15]: Run time: 36000
[12:32:15]: Spawning next mouse
[12:32:15]: Waiting on counter
[12:32:15]: Waiting on counter
[12:32:15]: Run time: 36000
[12:32:15]: Waiting on counter
[12:32:15]: Waiting on counter
[12:32:15]: Run time: 38000
[12:32:15]: Waiting on counter
[12:32:15]: Waiting on counter
[12:32:15]: Run time: 36000
[12:32:15]: Waiting on counter
[12:32:15]: Waiting on counter
[12:32:15]: Run time: 37000
[12:32:15]: Waiting on counter
[12:32:15]: Waiting on counter
[12:32:15]: Run time: 35000
[12:32:15]: Waiting on counter
[12:32:15]: Waiting on counter
[12:32:15]: Run time: 35000
[12:32:15]: Waiting on counter
[12:32:15]: Waiting on counter
[12:32:15]: Run time: 37000
[12:32:15]: Waiting on counter
[12:32:15]: Waiting on counter
[12:32:15]: Run time: 36000
[12:32:15]: Waiting on counter
[12:32:15]: Waiting on counter
[12:32:16]: Run time: 37000
[12:32:16]: Waiting on counter
[12:32:16]: Waiting on counter
[12:32:16]: Run time: 37000
[12:32:16]: Waiting on counter
[12:32:16]: Waiting on counter
[12:32:16]: Run time: 36000
[12:32:16]: Waiting on counter
[12:32:16]: Waiting on counter
[12:32:16]: Mouse killed
[12:32:16]: Run time: 36000
[12:32:16]: Waiting on counter
[12:32:16]: Waiting on counter
[12:32:16]: Run time: 36000
[12:32:16]: Waiting on counter
[12:32:16]: Waiting on counter
[12:32:16]: Run time: 36000
[12:32:16]: Waiting on counter
[12:32:16]: Waiting on counter
[12:32:16]: Run time: 36000
[12:32:16]: Waiting on counter
[12:32:16]: Waiting on counter
[12:32:16]: Run time: 36000
[12:32:16]: Waiting on counter
[12:32:16]: Waiting on counter
[12:32:16]: Run time: 37000
[12:32:16]: Waiting on counter
[12:32:16]: Waiting on counter
[12:32:16]: Run time: 36000
[12:32:16]: Spawning next mouse
[12:32:16]: Waiting on counter
[12:32:16]: Run time: 37000
[12:32:16]: Waiting on counter
[12:32:16]: Run time: 38000
[12:32:16]: Waiting on counter
[12:32:16]: Run time: 36000
[12:32:16]: Waiting on counter
[12:32:16]: Run time: 37000
[12:32:16]: Spawning next mouse
[12:32:16]: Run time: 35000
[12:32:16]: Waiting on counter
[12:32:16]: Run time: 35000
[12:32:16]: Waiting on counter
[12:32:16]: Run time: 35000
[12:32:16]: Waiting on counter
[12:32:16]: Run time: 35000
[12:32:16]: Waiting on counter
[12:32:16]: Run time: 35000
[12:32:16]: Waiting on counter
[12:32:16]: Run time: 35000
[12:32:16]: Waiting on counter
[12:32:16]: Run time: 35000
[12:32:16]: Waiting on counter
[12:32:16]: Run time: 35000
[12:32:16]: Waiting on counter
[12:32:16]: Run time: 35000
[12:32:16]: Spawning attack number, 1
[12:32:16]: Spawnining initial attack
[12:32:16]: Spawned new mouse
[12:32:16]: Set waiting counter
[12:32:16]: Waiting on counter
[12:32:16]: Run time: 36000
[12:32:16]: Waiting on counter
[12:32:16]: Waiting on counter
[12:32:16]: Run time: 36000
[12:32:16]: Waiting on counter
[12:32:16]: Waiting on counter
[12:32:16]: Run time: 36000
[12:32:16]: Waiting on counter
[12:32:16]: Waiting on counter
[12:32:16]: Run time: 35000
[12:32:16]: Waiting on counter
[12:32:16]: Spawning attack number, 1
[12:32:16]: Spawnining initial attack
[12:32:16]: Spawned new mouse
[12:32:16]: Set waiting counter
[12:32:16]: Waiting on counter
[12:32:16]: Run time: 35000
[12:32:16]: Waiting on counter
[12:32:16]: Waiting on counter
[12:32:16]: Waiting on counter
[12:32:17]: Run time: 37000
[12:32:17]: Waiting on counter
[12:32:17]: Waiting on counter
[12:32:17]: Waiting on counter
[12:32:17]: Run time: 35000
[12:32:17]: Waiting on counter
[12:32:17]: Waiting on counter
[12:32:17]: Waiting on counter
[12:32:17]: Run time: 36000
[12:32:17]: Waiting on counter
[12:32:17]: Waiting on counter
[12:32:17]: Waiting on counter
[12:32:17]: Run time: 36000
[12:32:17]: Waiting on counter
[12:32:17]: Waiting on counter
[12:32:17]: Spawning attack number, 1
[12:32:17]: Spawnining initial attack
[12:32:17]: Spawned new mouse
[12:32:17]: Set waiting counter
[12:32:17]: Waiting on counter
[12:32:17]: Run time: 36000
[12:32:17]: Waiting on counter
[12:32:17]: Waiting on counter
[12:32:17]: Waiting on counter
[12:32:17]: Waiting on counter
[12:32:17]: Run time: 37000
[12:32:17]: Waiting on counter
[12:32:17]: Waiting on counter
[12:32:17]: Waiting on counter
[12:32:17]: Waiting on counter
[12:32:17]: Run time: 37000
[12:32:17]: Waiting on counter
[12:32:17]: Waiting on counter
[12:32:17]: Waiting on counter
[12:32:17]: Waiting on counter
[12:32:17]: Run time: 35000
[12:32:17]: Waiting on counter
[12:32:17]: Waiting on counter
[12:32:17]: Waiting on counter
[12:32:17]: Waiting on counter
[12:32:17]: Run time: 37000
[12:32:17]: Waiting on counter
[12:32:17]: Waiting on counter
[12:32:17]: Waiting on counter
[12:32:17]: Spawning attack number, 1
[12:32:17]: Spawnining initial attack
[12:32:17]: Spawned new mouse
[12:32:17]: Set waiting counter
[12:32:17]: Waiting on counter
[12:32:17]: Run time: 37000
[12:32:17]: Waiting on counter
[12:32:17]: Waiting on counter
[12:32:17]: Waiting on counter
[12:32:17]: Waiting on counter
[12:32:17]: Waiting on counter
[12:32:17]: Run time: 37000
[12:32:17]: Waiting on counter
[12:32:17]: Waiting on counter
[12:32:17]: Waiting on counter
[12:32:17]: Waiting on counter
[12:32:17]: Waiting on counter
[12:32:17]: Run time: 36000
[12:32:17]: Waiting on counter
[12:32:17]: Waiting on counter
[12:32:17]: Waiting on counter
[12:32:17]: Waiting on counter
[12:32:17]: Waiting on counter
[12:32:17]: Run time: 37000
[12:32:17]: Waiting on counter
[12:32:17]: Waiting on counter
[12:32:17]: Waiting on counter
[12:32:17]: Waiting on counter
[12:32:17]: Waiting on counter
[12:32:17]: Spawning attack number, 1
[12:32:17]: Spawnining initial attack
[12:32:17]: Spawned new mouse
[12:32:17]: Set waiting counter
[12:32:17]: Run time: 38000
[12:32:17]: Waiting on counter
[12:32:17]: Waiting on counter
[12:32:17]: Waiting on counter
[12:32:17]: Waiting on counter
[12:32:17]: Waiting on counter
[12:32:17]: Waiting on counter
[12:32:17]: Run time: 37000
[12:32:17]: Waiting on counter
[12:32:17]: Waiting on counter
[12:32:17]: Waiting on counter
[12:32:17]: Waiting on counter
[12:32:17]: Waiting on counter
[12:32:17]: Waiting on counter
[12:32:17]: Run time: 37000
[12:32:17]: Waiting on counter
[12:32:17]: Waiting on counter
[12:32:17]: Waiting on counter
[12:32:17]: Waiting on counter
[12:32:17]: Waiting on counter
[12:32:17]: Waiting on counter
[12:32:17]: Run time: 37000
[12:32:17]: Waiting on counter
[12:32:17]: Waiting on counter
[12:32:17]: Waiting on counter
[12:32:17]: Waiting on counter
[12:32:17]: Spawning next mouse
[12:32:17]: Waiting on counter
[12:32:17]: Run time: 37000
[12:32:17]: Waiting on counter
[12:32:17]: Waiting on counter
[12:32:17]: Waiting on counter
[12:32:17]: Waiting on counter
[12:32:17]: Waiting on counter
[12:32:17]: Run time: 38000
[12:32:17]: Waiting on counter
[12:32:17]: Waiting on counter
[12:32:17]: Waiting on counter
[12:32:17]: Waiting on counter
[12:32:17]: Waiting on counter
[12:32:17]: Run time: 38000
[12:32:17]: Waiting on counter
[12:32:17]: Waiting on counter
[12:32:17]: Waiting on counter
[12:32:17]: Waiting on counter
[12:32:17]: Waiting on counter
[12:32:17]: Run time: 37000
[12:32:17]: Waiting on counter
[12:32:17]: Waiting on counter
[12:32:17]: Waiting on counter
[12:32:17]: Waiting on counter
[12:32:17]: Waiting on counter
[12:32:17]: Run time: 37000
[12:32:17]: Waiting on counter
[12:32:17]: Waiting on counter
[12:32:17]: Waiting on counter
[12:32:17]: Waiting on counter
[12:32:17]: Waiting on counter
[12:32:17]: Run time: 38000
[12:32:17]: Waiting on counter
[12:32:17]: Waiting on counter
[12:32:17]: Waiting on counter
[12:32:17]: Waiting on counter
[12:32:17]: Waiting on counter
[12:32:17]: Run time: 38000
[12:32:17]: Waiting on counter
[12:32:17]: Waiting on counter
[12:32:17]: Waiting on counter
[12:32:17]: Waiting on counter
[12:32:17]: Waiting on counter
[12:32:17]: Run time: 37000
[12:32:17]: Waiting on counter
[12:32:17]: Waiting on counter
[12:32:17]: Waiting on counter
[12:32:17]: Waiting on counter
[12:32:17]: Waiting on counter
[12:32:17]: Run time: 37000
[12:32:17]: Spawning next mouse
[12:32:17]: Waiting on counter
[12:32:17]: Waiting on counter
[12:32:17]: Waiting on counter
[12:32:17]: Waiting on counter
[12:32:17]: Run time: 39000
[12:32:17]: Waiting on counter
[12:32:17]: Waiting on counter
[12:32:17]: Waiting on counter
[12:32:17]: Waiting on counter
[12:32:17]: Waiting on counter
[12:32:18]: Run time: 38000
[12:32:18]: Waiting on counter
[12:32:18]: Waiting on counter
[12:32:18]: Waiting on counter
[12:32:18]: Waiting on counter
[12:32:18]: Waiting on counter
[12:32:18]: Run time: 38000
[12:32:18]: Waiting on counter
[12:32:18]: Waiting on counter
[12:32:18]: Waiting on counter
[12:32:18]: Waiting on counter
[12:32:18]: Waiting on counter
[12:32:18]: Run time: 38000
[12:32:18]: Waiting on counter
[12:32:18]: Spawning next mouse
[12:32:18]: Waiting on counter
[12:32:18]: Waiting on counter
[12:32:18]: Waiting on counter
[12:32:18]: Run time: 39000
[12:32:18]: Waiting on counter
[12:32:18]: Waiting on counter
[12:32:18]: Waiting on counter
[12:32:18]: Waiting on counter
[12:32:18]: Waiting on counter
[12:32:18]: Run time: 38000
[12:32:18]: Waiting on counter
[12:32:18]: Waiting on counter
[12:32:18]: Waiting on counter
[12:32:18]: Waiting on counter
[12:32:18]: Waiting on counter
[12:32:18]: Run time: 38000
[12:32:18]: Waiting on counter
[12:32:18]: Waiting on counter
[12:32:18]: Waiting on counter
[12:32:18]: Waiting on counter
[12:32:18]: Waiting on counter
[12:32:18]: Run time: 39000
[12:32:18]: Waiting on counter
[12:32:18]: Waiting on counter
[12:32:18]: Waiting on counter
[12:32:18]: Waiting on counter
[12:32:18]: Waiting on counter
[12:32:18]: Run time: 38000
[12:32:18]: Waiting on counter
[12:32:18]: Waiting on counter
[12:32:18]: Spawning next mouse
[12:32:18]: Waiting on counter
[12:32:18]: Waiting on counter
[12:32:18]: Run time: 38000
[12:32:18]: Waiting on counter
[12:32:18]: Waiting on counter
[12:32:18]: Waiting on counter
[12:32:18]: Waiting on counter
[12:32:18]: Waiting on counter
[12:32:18]: Run time: 39000
[12:32:18]: Waiting on counter
[12:32:18]: Waiting on counter
[12:32:18]: Waiting on counter
[12:32:18]: Waiting on counter
[12:32:18]: Waiting on counter
[12:32:18]: Run time: 39000
[12:32:18]: Waiting on counter
[12:32:18]: Waiting on counter
[12:32:18]: Waiting on counter
[12:32:18]: Waiting on counter
[12:32:18]: Waiting on counter
[12:32:18]: Run time: 39000
[12:32:18]: Waiting on counter
[12:32:18]: Waiting on counter
[12:32:18]: Waiting on counter
[12:32:18]: Waiting on counter
[12:32:18]: Waiting on counter
[12:32:18]: Run time: 39000
[12:32:18]: Waiting on counter
[12:32:18]: Waiting on counter
[12:32:18]: Waiting on counter
[12:32:18]: Spawning next mouse
[12:32:18]: Waiting on counter
[12:32:18]: Run time: 39000
[12:32:18]: Waiting on counter
[12:32:18]: Waiting on counter
[12:32:18]: Waiting on counter
[12:32:18]: Waiting on counter
[12:32:18]: Waiting on counter
[12:32:18]: Run time: 40000
[12:32:18]: Waiting on counter
[12:32:18]: Waiting on counter
[12:32:18]: Waiting on counter
[12:32:18]: Waiting on counter
[12:32:18]: Waiting on counter
[12:32:18]: Run time: 40000
[12:32:18]: Waiting on counter
[12:32:18]: Waiting on counter
[12:32:18]: Waiting on counter
[12:32:18]: Waiting on counter
[12:32:18]: Waiting on counter
[12:32:18]: Run time: 38000
[12:32:18]: Waiting on counter
[12:32:18]: Waiting on counter
[12:32:18]: Waiting on counter
[12:32:18]: Waiting on counter
[12:32:18]: Spawning next mouse
[12:32:18]: Run time: 40000
[12:32:18]: Waiting on counter
[12:32:18]: Waiting on counter
[12:32:18]: Waiting on counter
[12:32:18]: Waiting on counter
[12:32:18]: Waiting on counter
[12:32:18]: Run time: 44000
[12:32:18]: Waiting on counter
[12:32:18]: Waiting on counter
[12:32:18]: Waiting on counter
[12:32:18]: Waiting on counter
[12:32:18]: Waiting on counter
[12:32:18]: Run time: 42000
[12:32:18]: Waiting on counter
[12:32:18]: Waiting on counter
[12:32:18]: Waiting on counter
[12:32:18]: Waiting on counter
[12:32:18]: Waiting on counter
[12:32:18]: Run time: 43000
[12:32:18]: Waiting on counter
[12:32:18]: Waiting on counter
[12:32:18]: Waiting on counter
[12:32:18]: Waiting on counter
[12:32:18]: Waiting on counter
[12:32:18]: Run time: 42000
[12:32:18]: Waiting on counter
[12:32:18]: Waiting on counter
[12:32:18]: Waiting on counter
[12:32:18]: Waiting on counter
[12:32:18]: Waiting on counter
[12:32:18]: Run time: 41000
[12:32:18]: Waiting on counter
[12:32:18]: Waiting on counter
[12:32:18]: Waiting on counter
[12:32:18]: Waiting on counter
[12:32:18]: Waiting on counter
[12:32:18]: Run time: 44000
[12:32:18]: Waiting on counter
[12:32:18]: Waiting on counter
[12:32:18]: Waiting on counter
[12:32:18]: Waiting on counter
[12:32:18]: Waiting on counter
[12:32:18]: Run time: 41000
[12:32:18]: Waiting on counter
[12:32:18]: Waiting on counter
[12:32:18]: Waiting on counter
[12:32:18]: Waiting on counter
[12:32:18]: Waiting on counter
[12:32:19]: Run time: 42000
[12:32:19]: Waiting on counter
[12:32:19]: Waiting on counter
[12:32:19]: Waiting on counter
[12:32:19]: Waiting on counter
[12:32:19]: Waiting on counter
[12:32:19]: Run time: 41000
[12:32:19]: Waiting on counter
[12:32:19]: Waiting on counter
[12:32:19]: Waiting on counter
[12:32:19]: Waiting on counter
[12:32:19]: Waiting on counter
[12:32:19]: Run time: 42000
[12:32:19]: Waiting on counter
[12:32:19]: Waiting on counter
[12:32:19]: Waiting on counter
[12:32:19]: Waiting on counter
[12:32:19]: Waiting on counter
[12:32:19]: Run time: 41000
[12:32:19]: Waiting on counter
[12:32:19]: Waiting on counter
[12:32:19]: Waiting on counter
[12:32:19]: Waiting on counter
[12:32:19]: Waiting on counter
[12:32:19]: Run time: 41000
[12:32:19]: Spawning next mouse
[12:32:19]: Waiting on counter
[12:32:19]: Waiting on counter
[12:32:19]: Waiting on counter
[12:32:19]: Waiting on counter
[12:32:19]: Run time: 50000
[12:32:19]: Waiting on counter
[12:32:19]: Waiting on counter
[12:32:19]: Waiting on counter
[12:32:19]: Waiting on counter
[12:32:19]: Run time: 43000
[12:32:19]: Waiting on counter
[12:32:19]: Waiting on counter
[12:32:19]: Waiting on counter
[12:32:19]: Waiting on counter
[12:32:19]: Run time: 42000
[12:32:19]: Waiting on counter
[12:32:19]: Waiting on counter
[12:32:19]: Waiting on counter
[12:32:19]: Waiting on counter
[12:32:19]: Run time: 41000
[12:32:19]: Spawning next mouse
[12:32:19]: Waiting on counter
[12:32:19]: Waiting on counter
[12:32:19]: Waiting on counter
[12:32:19]: Run time: 43000
[12:32:19]: Waiting on counter
[12:32:19]: Waiting on counter
[12:32:19]: Waiting on counter
[12:32:19]: Waiting on counter
[12:32:19]: Run time: 42000
[12:32:19]: Waiting on counter
[12:32:19]: Waiting on counter
[12:32:19]: Waiting on counter
[12:32:19]: Waiting on counter
[12:32:19]: Run time: 43000
[12:32:19]: Waiting on counter
[12:32:19]: Waiting on counter
[12:32:19]: Waiting on counter
[12:32:19]: Waiting on counter
[12:32:19]: Run time: 42000
[12:32:19]: Waiting on counter
[12:32:19]: Waiting on counter
[12:32:19]: Waiting on counter
[12:32:19]: Waiting on counter
[12:32:19]: Run time: 42000
[12:32:19]: Waiting on counter
[12:32:19]: Spawning next mouse
[12:32:19]: Waiting on counter
[12:32:19]: Waiting on counter
[12:32:19]: Run time: 42000
[12:32:19]: Waiting on counter
[12:32:19]: Waiting on counter
[12:32:19]: Waiting on counter
[12:32:19]: Waiting on counter
[12:32:19]: Run time: 43000
[12:32:19]: Waiting on counter
[12:32:19]: Waiting on counter
[12:32:19]: Waiting on counter
[12:32:19]: Waiting on counter
[12:32:19]: Run time: 44000
[12:32:19]: Waiting on counter
[12:32:19]: Waiting on counter
[12:32:19]: Waiting on counter
[12:32:19]: Waiting on counter
[12:32:19]: Run time: 41000
[12:32:19]: Waiting on counter
[12:32:19]: Waiting on counter
[12:32:19]: Waiting on counter
[12:32:19]: Waiting on counter
[12:32:19]: Run time: 43000
[12:32:19]: Waiting on counter
[12:32:19]: Waiting on counter
[12:32:19]: Spawning next mouse
[12:32:19]: Waiting on counter
[12:32:19]: Run time: 43000
[12:32:19]: Waiting on counter
[12:32:19]: Waiting on counter
[12:32:19]: Waiting on counter
[12:32:19]: Waiting on counter
[12:32:19]: Run time: 43000
[12:32:19]: Waiting on counter
[12:32:19]: Waiting on counter
[12:32:19]: Waiting on counter
[12:32:19]: Waiting on counter
[12:32:19]: Run time: 46000
[12:32:19]: Waiting on counter
[12:32:19]: Waiting on counter
[12:32:19]: Waiting on counter
[12:32:19]: Waiting on counter
[12:32:19]: Run time: 42000
[12:32:19]: Waiting on counter
[12:32:19]: Waiting on counter
[12:32:19]: Waiting on counter
[12:32:19]: Spawning next mouse
[12:32:19]: Run time: 45000
[12:32:19]: Waiting on counter
[12:32:19]: Waiting on counter
[12:32:19]: Waiting on counter
[12:32:19]: Waiting on counter
[12:32:20]: Run time: 46000
[12:32:20]: Waiting on counter
[12:32:20]: Waiting on counter
[12:32:20]: Waiting on counter
[12:32:20]: Waiting on counter
[12:32:20]: Run time: 44000
[12:32:20]: Waiting on counter
[12:32:20]: Waiting on counter
[12:32:20]: Waiting on counter
[12:32:20]: Waiting on counter
[12:32:20]: Run time: 44000
[12:32:20]: Waiting on counter
[12:32:20]: Waiting on counter
[12:32:20]: Waiting on counter
[12:32:20]: Waiting on counter
[12:32:20]: Run time: 44000
[12:32:20]: Waiting on counter
[12:32:20]: Waiting on counter
[12:32:20]: Waiting on counter
[12:32:20]: Waiting on counter
[12:32:20]: Run time: 44000
[12:32:20]: Waiting on counter
[12:32:20]: Waiting on counter
[12:32:20]: Waiting on counter
[12:32:20]: Waiting on counter
[12:32:20]: Run time: 46000
[12:32:20]: Waiting on counter
[12:32:20]: Waiting on counter
[12:32:20]: Waiting on counter
[12:32:20]: Waiting on counter
[12:32:20]: Run time: 45000
[12:32:20]: Waiting on counter
[12:32:20]: Waiting on counter
[12:32:20]: Waiting on counter
[12:32:20]: Waiting on counter
[12:32:20]: Run time: 43000
[12:32:20]: Spawning attack number, 2
[12:32:20]: Spawnining initial attack
[12:32:20]: Spawned new mouse
[12:32:20]: Set waiting counter
[12:32:20]: Waiting on counter
[12:32:20]: Waiting on counter
[12:32:20]: Waiting on counter
[12:32:20]: Waiting on counter
[12:32:20]: Run time: 46000
[12:32:20]: Waiting on counter
[12:32:20]: Waiting on counter
[12:32:20]: Waiting on counter
[12:32:20]: Waiting on counter
[12:32:20]: Waiting on counter
[12:32:20]: Mouse killed
[12:32:20]: Mouse killed
[12:32:20]: Mouse killed
[12:32:20]: Mouse killed
[12:32:20]: Mouse killed
[12:32:20]: Mouse killed
[12:32:20]: Mouse killed
[12:32:20]: Mouse killed
[12:32:20]: Mouse killed
[12:32:20]: Run time: 42000
[12:32:20]: Waiting on counter
[12:32:20]: Waiting on counter
[12:32:20]: Waiting on counter
[12:32:20]: Waiting on counter
[12:32:20]: Waiting on counter
[12:32:20]: Run time: 41000
[12:32:20]: Waiting on counter
[12:32:20]: Waiting on counter
[12:32:20]: Waiting on counter
[12:32:20]: Waiting on counter
[12:32:20]: Waiting on counter
[12:32:20]: Mouse killed
[12:32:20]: Run time: 41000
[12:32:20]: Waiting on counter
[12:32:20]: Waiting on counter
[12:32:20]: Waiting on counter
[12:32:20]: Waiting on counter
[12:32:20]: Waiting on counter
[12:32:20]: Run time: 40000
[12:32:20]: Waiting on counter
[12:32:20]: Waiting on counter
[12:32:20]: Waiting on counter
[12:32:20]: Waiting on counter
[12:32:20]: Waiting on counter
[12:32:20]: Run time: 41000
[12:32:20]: Waiting on counter
[12:32:20]: Waiting on counter
[12:32:20]: Waiting on counter
[12:32:20]: Waiting on counter
[12:32:20]: Waiting on counter
[12:32:20]: Run time: 39000
[12:32:20]: Waiting on counter
[12:32:20]: Waiting on counter
[12:32:20]: Waiting on counter
[12:32:20]: Waiting on counter
[12:32:20]: Waiting on counter
[12:32:20]: Run time: 41000
[12:32:20]: Waiting on counter
[12:32:20]: Spawning next mouse
[12:32:20]: Waiting on counter
[12:32:20]: Waiting on counter
[12:32:20]: Waiting on counter
[12:32:20]: Run time: 42000
[12:32:20]: Waiting on counter
[12:32:20]: Waiting on counter
[12:32:20]: Waiting on counter
[12:32:20]: Waiting on counter
[12:32:20]: Run time: 41000
[12:32:20]: Waiting on counter
[12:32:20]: Waiting on counter
[12:32:20]: Waiting on counter
[12:32:20]: Waiting on counter
[12:32:20]: Run time: 41000
[12:32:20]: Waiting on counter
[12:32:20]: Waiting on counter
[12:32:20]: Waiting on counter
[12:32:20]: Waiting on counter
[12:32:20]: Run time: 40000
[12:32:20]: Waiting on counter
[12:32:20]: Waiting on counter
[12:32:20]: Waiting on counter
[12:32:20]: Waiting on counter
[12:32:20]: Run time: 40000
[12:32:20]: Waiting on counter
[12:32:20]: Spawning next mouse
[12:32:20]: Waiting on counter
[12:32:20]: Waiting on counter
[12:32:20]: Run time: 41000
[12:32:20]: Waiting on counter
[12:32:20]: Waiting on counter
[12:32:20]: Waiting on counter
[12:32:20]: Waiting on counter
[12:32:20]: Run time: 41000
[12:32:20]: Waiting on counter
[12:32:20]: Waiting on counter
[12:32:20]: Waiting on counter
[12:32:20]: Waiting on counter
[12:32:21]: Run time: 39000
[12:32:21]: Waiting on counter
[12:32:21]: Waiting on counter
[12:32:21]: Waiting on counter
[12:32:21]: Waiting on counter
[12:32:21]: Run time: 39000
[12:32:21]: Waiting on counter
[12:32:21]: Waiting on counter
[12:32:21]: Waiting on counter
[12:32:21]: Waiting on counter
[12:32:21]: Run time: 38000
[12:32:21]: Waiting on counter
[12:32:21]: Waiting on counter
[12:32:21]: Spawning next mouse
[12:32:21]: Waiting on counter
[12:32:21]: Run time: 40000
[12:32:21]: Waiting on counter
[12:32:21]: Waiting on counter
[12:32:21]: Waiting on counter
[12:32:21]: Waiting on counter
[12:32:21]: Run time: 39000
[12:32:21]: Waiting on counter
[12:32:21]: Waiting on counter
[12:32:21]: Waiting on counter
[12:32:21]: Waiting on counter
[12:32:21]: Run time: 39000
[12:32:21]: Waiting on counter
[12:32:21]: Waiting on counter
[12:32:21]: Waiting on counter
[12:32:21]: Waiting on counter
[12:32:21]: Run time: 40000
[12:32:21]: Waiting on counter
[12:32:21]: Waiting on counter
[12:32:21]: Waiting on counter
[12:32:21]: Spawning next mouse
[12:32:21]: Run time: 39000
[12:32:21]: Waiting on counter
[12:32:21]: Waiting on counter
[12:32:21]: Waiting on counter
[12:32:21]: Waiting on counter
[12:32:21]: Run time: 40000
[12:32:21]: Waiting on counter
[12:32:21]: Waiting on counter
[12:32:21]: Waiting on counter
[12:32:21]: Waiting on counter
[12:32:21]: Run time: 40000
[12:32:21]: Waiting on counter
[12:32:21]: Waiting on counter
[12:32:21]: Waiting on counter
[12:32:21]: Waiting on counter
[12:32:21]: Run time: 40000
[12:32:21]: Waiting on counter
[12:32:21]: Waiting on counter
[12:32:21]: Waiting on counter
[12:32:21]: Waiting on counter
[12:32:21]: Run time: 39000
[12:32:21]: Waiting on counter
[12:32:21]: Waiting on counter
[12:32:21]: Waiting on counter
[12:32:21]: Waiting on counter
[12:32:21]: Run time: 40000
[12:32:21]: Waiting on counter
[12:32:21]: Waiting on counter
[12:32:21]: Waiting on counter
[12:32:21]: Waiting on counter
[12:32:21]: Run time: 39000
[12:32:21]: Waiting on counter
[12:32:21]: Waiting on counter
[12:32:21]: Waiting on counter
[12:32:21]: Waiting on counter
[12:32:21]: Run time: 41000
[12:32:21]: Waiting on counter
[12:32:21]: Waiting on counter
[12:32:21]: Waiting on counter
[12:32:21]: Waiting on counter
[12:32:21]: Run time: 42000
[12:32:21]: Spawning next mouse
[12:32:21]: Waiting on counter
[12:32:21]: Waiting on counter
[12:32:21]: Waiting on counter
[12:32:21]: Run time: 46000
[12:32:21]: Waiting on counter
[12:32:21]: Waiting on counter
[12:32:21]: Waiting on counter
[12:32:21]: Waiting on counter
[12:32:21]: Run time: 43000
[12:32:21]: Waiting on counter
[12:32:21]: Waiting on counter
[12:32:21]: Waiting on counter
[12:32:21]: Waiting on counter
[12:32:21]: Run time: 41000
[12:32:21]: Waiting on counter
[12:32:21]: Waiting on counter
[12:32:21]: Waiting on counter
[12:32:21]: Waiting on counter
[12:32:21]: Run time: 43000
[12:32:21]: Waiting on counter
[12:32:21]: Waiting on counter
[12:32:21]: Waiting on counter
[12:32:21]: Waiting on counter
[12:32:21]: Run time: 44000
[12:32:21]: Waiting on counter
[12:32:21]: Waiting on counter
[12:32:21]: Waiting on counter
[12:32:21]: Waiting on counter
[12:32:21]: Run time: 42000
[12:32:21]: Waiting on counter
[12:32:21]: Waiting on counter
[12:32:21]: Waiting on counter
[12:32:21]: Waiting on counter
[12:32:21]: Run time: 41000
[12:32:21]: Waiting on counter
[12:32:21]: Waiting on counter
[12:32:21]: Waiting on counter
[12:32:21]: Waiting on counter
[12:32:21]: Run time: 43000
[12:32:21]: Waiting on counter
[12:32:21]: Waiting on counter
[12:32:21]: Waiting on counter
[12:32:21]: Waiting on counter
[12:32:21]: Run time: 42000
[12:32:21]: Waiting on counter
[12:32:21]: Waiting on counter
[12:32:21]: Waiting on counter
[12:32:21]: Waiting on counter
[12:32:22]: Run time: 44000
[12:32:22]: Waiting on counter
[12:32:22]: Waiting on counter
[12:32:22]: Waiting on counter
[12:32:22]: Waiting on counter
[12:32:22]: Run time: 43000
[12:32:22]: Waiting on counter
[12:32:22]: Waiting on counter
[12:32:22]: Waiting on counter
[12:32:22]: Waiting on counter
[12:32:22]: Run time: 42000
[12:32:22]: Waiting on counter
[12:32:22]: Waiting on counter
[12:32:22]: Waiting on counter
[12:32:22]: Waiting on counter
[12:32:22]: Run time: 43000
[12:32:22]: Waiting on counter
[12:32:22]: Spawning next mouse
[12:32:22]: Waiting on counter
[12:32:22]: Waiting on counter
[12:32:22]: Run time: 43000
[12:32:22]: Waiting on counter
[12:32:22]: Waiting on counter
[12:32:22]: Waiting on counter
[12:32:22]: Run time: 48000
[12:32:22]: Waiting on counter
[12:32:22]: Waiting on counter
[12:32:22]: Waiting on counter
[12:32:22]: Run time: 42000
[12:32:22]: Waiting on counter
[12:32:22]: Waiting on counter
[12:32:22]: Waiting on counter
[12:32:22]: Run time: 44000
[12:32:22]: Waiting on counter
[12:32:22]: Waiting on counter
[12:32:22]: Waiting on counter
[12:32:22]: Run time: 44000
[12:32:22]: Waiting on counter
[12:32:22]: Spawning next mouse
[12:32:22]: Waiting on counter
[12:32:22]: Run time: 44000
[12:32:22]: Waiting on counter
[12:32:22]: Waiting on counter
[12:32:22]: Waiting on counter
[12:32:22]: Run time: 46000
[12:32:22]: Waiting on counter
[12:32:22]: Waiting on counter
[12:32:22]: Waiting on counter
[12:32:22]: Run time: 41000
[12:32:22]: Waiting on counter
[12:32:22]: Waiting on counter
[12:32:22]: Waiting on counter
[12:32:22]: Run time: 41000
[12:32:22]: Waiting on counter
[12:32:22]: Waiting on counter
[12:32:22]: Spawning next mouse
[12:32:22]: Run time: 41000
[12:32:22]: Waiting on counter
[12:32:22]: Waiting on counter
[12:32:22]: Waiting on counter
[12:32:22]: Run time: 42000
[12:32:22]: Waiting on counter
[12:32:22]: Waiting on counter
[12:32:22]: Waiting on counter
[12:32:22]: Run time: 41000
[12:32:22]: Waiting on counter
[12:32:22]: Waiting on counter
[12:32:22]: Waiting on counter
[12:32:22]: Run time: 41000
[12:32:22]: Waiting on counter
[12:32:22]: Waiting on counter
[12:32:22]: Waiting on counter
[12:32:22]: Run time: 42000
[12:32:22]: Waiting on counter
[12:32:22]: Waiting on counter
[12:32:22]: Waiting on counter
[12:32:22]: Run time: 41000
[12:32:22]: Waiting on counter
[12:32:22]: Waiting on counter
[12:32:22]: Waiting on counter
[12:32:22]: Run time: 40000
[12:32:22]: Waiting on counter
[12:32:22]: Waiting on counter
[12:32:22]: Waiting on counter
[12:32:22]: Run time: 42000
[12:32:22]: Waiting on counter
[12:32:22]: Waiting on counter
[12:32:22]: Waiting on counter
[12:32:22]: Run time: 43000
[12:32:22]: Spawning next mouse
[12:32:22]: Spawning attack number, 2
[12:32:22]: Spawnining initial attack
[12:32:22]: Spawned new mouse
[12:32:22]: Set waiting counter
[12:32:22]: Waiting on counter
[12:32:22]: Waiting on counter
[12:32:22]: Run time: 45000
[12:32:22]: Waiting on counter
[12:32:22]: Waiting on counter
[12:32:22]: Waiting on counter
[12:32:23]: Run time: 46000
[12:32:23]: Waiting on counter
[12:32:23]: Waiting on counter
[12:32:23]: Waiting on counter
[12:32:23]: Run time: 43000
[12:32:23]: Waiting on counter
[12:32:23]: Waiting on counter
[12:32:23]: Waiting on counter
[12:32:23]: Run time: 42000
[12:32:23]: Waiting on counter
[12:32:23]: Spawning attack number, 2
[12:32:23]: Spawnining initial attack
[12:32:23]: Spawned new mouse
[12:32:23]: Set waiting counter
[12:32:23]: Waiting on counter
[12:32:23]: Waiting on counter
[12:32:23]: Run time: 44000
[12:32:23]: Waiting on counter
[12:32:23]: Waiting on counter
[12:32:23]: Waiting on counter
[12:32:23]: Waiting on counter
[12:32:23]: Run time: 48000
[12:32:23]: Waiting on counter
[12:32:23]: Waiting on counter
[12:32:23]: Waiting on counter
[12:32:23]: Waiting on counter
[12:32:23]: Run time: 46000
[12:32:23]: Waiting on counter
[12:32:23]: Waiting on counter
[12:32:23]: Waiting on counter
[12:32:23]: Waiting on counter
[12:32:23]: Run time: 44000
[12:32:23]: Waiting on counter
[12:32:23]: Waiting on counter
[12:32:23]: Waiting on counter
[12:32:23]: Waiting on counter
[12:32:23]: Run time: 45000
[12:32:23]: Waiting on counter
[12:32:23]: Waiting on counter
[12:32:23]: Spawning attack number, 2
[12:32:23]: Spawnining initial attack
[12:32:23]: Spawned new mouse
[12:32:23]: Set waiting counter
[12:32:23]: Waiting on counter
[12:32:23]: Waiting on counter
[12:32:23]: Run time: 46000
[12:32:23]: Waiting on counter
[12:32:23]: Waiting on counter
[12:32:23]: Waiting on counter
[12:32:23]: Waiting on counter
[12:32:23]: Waiting on counter
[12:32:23]: Run time: 45000
[12:32:23]: Waiting on counter
[12:32:23]: Waiting on counter
[12:32:23]: Waiting on counter
[12:32:23]: Waiting on counter
[12:32:23]: Waiting on counter
[12:32:23]: Run time: 44000
[12:32:23]: Waiting on counter
[12:32:23]: Waiting on counter
[12:32:23]: Waiting on counter
[12:32:23]: Waiting on counter
[12:32:23]: Waiting on counter
[12:32:23]: Run time: 45000
[12:32:23]: Waiting on counter
[12:32:23]: Waiting on counter
[12:32:23]: Waiting on counter
[12:32:23]: Waiting on counter
[12:32:23]: Waiting on counter
[12:32:23]: Run time: 46000
[12:32:23]: Waiting on counter
[12:32:23]: Waiting on counter
[12:32:23]: Waiting on counter
[12:32:23]: Waiting on counter
[12:32:23]: Spawning attack number, 2
[12:32:23]: Spawnining initial attack
[12:32:23]: Spawned new mouse
[12:32:23]: Set waiting counter
[12:32:23]: Waiting on counter
[12:32:23]: Run time: 45000
[12:32:23]: Waiting on counter
[12:32:23]: Waiting on counter
[12:32:23]: Waiting on counter
[12:32:23]: Waiting on counter
[12:32:23]: Waiting on counter
[12:32:23]: Waiting on counter
[12:32:23]: Run time: 46000
[12:32:23]: Waiting on counter
[12:32:23]: Waiting on counter
[12:32:23]: Waiting on counter
[12:32:23]: Waiting on counter
[12:32:23]: Waiting on counter
[12:32:23]: Waiting on counter
[12:32:23]: Run time: 45000
[12:32:23]: Waiting on counter
[12:32:23]: Waiting on counter
[12:32:23]: Waiting on counter
[12:32:23]: Waiting on counter
[12:32:23]: Waiting on counter
[12:32:23]: Waiting on counter
[12:32:23]: Run time: 45000
[12:32:23]: Waiting on counter
[12:32:23]: Waiting on counter
[12:32:23]: Waiting on counter
[12:32:23]: Spawning next mouse
[12:32:23]: Waiting on counter
[12:32:23]: Waiting on counter
[12:32:23]: Spawning attack number, 2
[12:32:23]: Spawnining initial attack
[12:32:23]: Spawned new mouse
[12:32:23]: Set waiting counter
[12:32:23]: Run time: 47000
[12:32:23]: Waiting on counter
[12:32:23]: Waiting on counter
[12:32:23]: Waiting on counter
[12:32:23]: Waiting on counter
[12:32:23]: Waiting on counter
[12:32:23]: Waiting on counter
[12:32:23]: Run time: 46000
[12:32:23]: Waiting on counter
[12:32:23]: Waiting on counter
[12:32:23]: Waiting on counter
[12:32:23]: Waiting on counter
[12:32:23]: Waiting on counter
[12:32:23]: Waiting on counter
[12:32:23]: Run time: 47000
[12:32:23]: Waiting on counter
[12:32:23]: Waiting on counter
[12:32:23]: Waiting on counter
[12:32:23]: Waiting on counter
[12:32:23]: Waiting on counter
[12:32:23]: Waiting on counter
[12:32:23]: Run time: 47000
[12:32:23]: Waiting on counter
[12:32:23]: Waiting on counter
[12:32:23]: Waiting on counter
[12:32:23]: Waiting on counter
[12:32:23]: Spawning next mouse
[12:32:23]: Waiting on counter
[12:32:23]: Run time: 50000
[12:32:23]: Waiting on counter
[12:32:23]: Waiting on counter
[12:32:23]: Waiting on counter
[12:32:23]: Waiting on counter
[12:32:23]: Waiting on counter
[12:32:23]: Waiting on counter
[12:32:24]: Run time: 46000
[12:32:24]: Waiting on counter
[12:32:24]: Waiting on counter
[12:32:24]: Waiting on counter
[12:32:24]: Waiting on counter
[12:32:24]: Waiting on counter
[12:32:24]: Waiting on counter
[12:32:24]: Run time: 45000
[12:32:24]: Waiting on counter
[12:32:24]: Waiting on counter
[12:32:24]: Waiting on counter
[12:32:24]: Waiting on counter
[12:32:24]: Waiting on counter
[12:32:24]: Waiting on counter
[12:32:24]: Run time: 46000
[12:32:24]: Waiting on counter
[12:32:24]: Waiting on counter
[12:32:24]: Waiting on counter
[12:32:24]: Waiting on counter
[12:32:24]: Waiting on counter
[12:32:24]: Waiting on counter
[12:32:24]: Run time: 47000
[12:32:24]: Waiting on counter
[12:32:24]: Waiting on counter
[12:32:24]: Waiting on counter
[12:32:24]: Waiting on counter
[12:32:24]: Waiting on counter
[12:32:24]: Waiting on counter
[12:32:24]: Run time: 45000
[12:32:24]: Waiting on counter
[12:32:24]: Waiting on counter
[12:32:24]: Waiting on counter
[12:32:24]: Waiting on counter
[12:32:24]: Waiting on counter
[12:32:24]: Waiting on counter
[12:32:24]: Run time: 46000
[12:32:24]: Waiting on counter
[12:32:24]: Waiting on counter
[12:32:24]: Waiting on counter
[12:32:24]: Waiting on counter
[12:32:24]: Waiting on counter
[12:32:24]: Waiting on counter
[12:32:24]: Run time: 46000
[12:32:24]: Waiting on counter
[12:32:24]: Waiting on counter
[12:32:24]: Waiting on counter
[12:32:24]: Waiting on counter
[12:32:24]: Waiting on counter
[12:32:24]: Waiting on counter
[12:32:24]: Run time: 46000
[12:32:24]: Spawning next mouse
[12:32:24]: Waiting on counter
[12:32:24]: Waiting on counter
[12:32:24]: Waiting on counter
[12:32:24]: Waiting on counter
[12:32:24]: Waiting on counter
[12:32:24]: Run time: 47000
[12:32:24]: Waiting on counter
[12:32:24]: Waiting on counter
[12:32:24]: Waiting on counter
[12:32:24]: Waiting on counter
[12:32:24]: Waiting on counter
[12:32:24]: Waiting on counter
[12:32:24]: Run time: 46000
[12:32:24]: Waiting on counter
[12:32:24]: Waiting on counter
[12:32:24]: Waiting on counter
[12:32:24]: Waiting on counter
[12:32:24]: Waiting on counter
[12:32:24]: Waiting on counter
[12:32:24]: Run time: 45000
[12:32:24]: Waiting on counter
[12:32:24]: Waiting on counter
[12:32:24]: Waiting on counter
[12:32:24]: Waiting on counter
[12:32:24]: Waiting on counter
[12:32:24]: Waiting on counter
[12:32:24]: Run time: 47000
[12:32:24]: Waiting on counter
[12:32:24]: Spawning next mouse
[12:32:24]: Waiting on counter
[12:32:24]: Waiting on counter
[12:32:24]: Waiting on counter
[12:32:24]: Waiting on counter
[12:32:24]: Run time: 47000
[12:32:24]: Waiting on counter
[12:32:24]: Waiting on counter
[12:32:24]: Waiting on counter
[12:32:24]: Waiting on counter
[12:32:24]: Waiting on counter
[12:32:24]: Waiting on counter
[12:32:24]: Run time: 47000
[12:32:24]: Waiting on counter
[12:32:24]: Waiting on counter
[12:32:24]: Waiting on counter
[12:32:24]: Waiting on counter
[12:32:24]: Waiting on counter
[12:32:24]: Waiting on counter
[12:32:24]: Run time: 49000
[12:32:24]: Waiting on counter
[12:32:24]: Waiting on counter
[12:32:24]: Waiting on counter
[12:32:24]: Waiting on counter
[12:32:24]: Waiting on counter
[12:32:24]: Waiting on counter
[12:32:24]: Run time: 46000
[12:32:24]: Waiting on counter
[12:32:24]: Waiting on counter
[12:32:24]: Waiting on counter
[12:32:24]: Waiting on counter
[12:32:24]: Waiting on counter
[12:32:24]: Waiting on counter
[12:32:24]: Run time: 48000
[12:32:24]: Waiting on counter
[12:32:24]: Waiting on counter
[12:32:24]: Spawning next mouse
[12:32:24]: Waiting on counter
[12:32:24]: Waiting on counter
[12:32:24]: Waiting on counter
[12:32:24]: Run time: 45000
[12:32:24]: Waiting on counter
[12:32:24]: Waiting on counter
[12:32:24]: Waiting on counter
[12:32:24]: Waiting on counter
[12:32:24]: Waiting on counter
[12:32:24]: Waiting on counter
[12:32:24]: Run time: 46000
[12:32:24]: Waiting on counter
[12:32:24]: Waiting on counter
[12:32:24]: Waiting on counter
[12:32:24]: Waiting on counter
[12:32:24]: Waiting on counter
[12:32:24]: Waiting on counter
[12:32:24]: Run time: 44000
[12:32:24]: Waiting on counter
[12:32:24]: Waiting on counter
[12:32:24]: Waiting on counter
[12:32:24]: Waiting on counter
[12:32:24]: Waiting on counter
[12:32:24]: Waiting on counter
[12:32:24]: Run time: 46000
[12:32:24]: Waiting on counter
[12:32:24]: Waiting on counter
[12:32:24]: Waiting on counter
[12:32:24]: Waiting on counter
[12:32:24]: Waiting on counter
[12:32:24]: Waiting on counter
[12:32:24]: Run time: 45000
[12:32:24]: Waiting on counter
[12:32:24]: Waiting on counter
[12:32:24]: Waiting on counter
[12:32:24]: Spawning next mouse
[12:32:24]: Waiting on counter
[12:32:24]: Waiting on counter
[12:32:25]: Run time: 45000
[12:32:25]: Waiting on counter
[12:32:25]: Waiting on counter
[12:32:25]: Waiting on counter
[12:32:25]: Waiting on counter
[12:32:25]: Waiting on counter
[12:32:25]: Waiting on counter
[12:32:25]: Run time: 47000
[12:32:25]: Waiting on counter
[12:32:25]: Waiting on counter
[12:32:25]: Waiting on counter
[12:32:25]: Waiting on counter
[12:32:25]: Waiting on counter
[12:32:25]: Waiting on counter
[12:32:25]: Run time: 45000
[12:32:25]: Waiting on counter
[12:32:25]: Waiting on counter
[12:32:25]: Waiting on counter
[12:32:25]: Waiting on counter
[12:32:25]: Waiting on counter
[12:32:25]: Waiting on counter
[12:32:25]: Run time: 48000
[12:32:25]: Waiting on counter
[12:32:25]: Waiting on counter
[12:32:25]: Waiting on counter
[12:32:25]: Waiting on counter
[12:32:25]: Waiting on counter
[12:32:25]: Spawning next mouse
[12:32:25]: Mouse killed
[12:32:25]: Mouse killed
[12:32:25]: Mouse killed
[12:32:25]: Mouse killed
[12:32:25]: Mouse killed
[12:32:25]: Mouse killed
[12:32:25]: Mouse killed
[12:32:25]: Mouse killed
[12:32:25]: Mouse killed
[12:32:25]: Mouse killed
[12:32:25]: Run time: 49000
[12:32:25]: Waiting on counter
[12:32:25]: Waiting on counter
[12:32:25]: Waiting on counter
[12:32:25]: Waiting on counter
[12:32:25]: Waiting on counter
[12:32:25]: Waiting on counter
[12:32:25]: Run time: 45000
[12:32:25]: Waiting on counter
[12:32:25]: Waiting on counter
[12:32:25]: Waiting on counter
[12:32:25]: Waiting on counter
[12:32:25]: Waiting on counter
[12:32:25]: Waiting on counter
[12:32:25]: Run time: 45000
[12:32:25]: Waiting on counter
[12:32:25]: Waiting on counter
[12:32:25]: Waiting on counter
[12:32:25]: Waiting on counter
[12:32:25]: Waiting on counter
[12:32:25]: Waiting on counter
[12:32:25]: Mouse killed
[12:32:25]: Run time: 43000
[12:32:25]: Waiting on counter
[12:32:25]: Waiting on counter
[12:32:25]: Waiting on counter
[12:32:25]: Waiting on counter
[12:32:25]: Spawning next mouse
[12:32:25]: Waiting on counter
[12:32:25]: Run time: 45000
[12:32:25]: Waiting on counter
[12:32:25]: Waiting on counter
[12:32:25]: Waiting on counter
[12:32:25]: Waiting on counter
[12:32:25]: Waiting on counter
[12:32:25]: Run time: 43000
[12:32:25]: Waiting on counter
[12:32:25]: Waiting on counter
[12:32:25]: Waiting on counter
[12:32:25]: Waiting on counter
[12:32:25]: Waiting on counter
[12:32:25]: Run time: 46000
[12:32:25]: Waiting on counter
[12:32:25]: Waiting on counter
[12:32:25]: Waiting on counter
[12:32:25]: Waiting on counter
[12:32:25]: Waiting on counter
[12:32:25]: Run time: 44000
[12:32:25]: Waiting on counter
[12:32:25]: Waiting on counter
[12:32:25]: Waiting on counter
[12:32:25]: Waiting on counter
[12:32:25]: Waiting on counter
[12:32:25]: Mouse killed
[12:32:25]: Run time: 44000
[12:32:25]: Waiting on counter
[12:32:25]: Waiting on counter
[12:32:25]: Waiting on counter
[12:32:25]: Waiting on counter
[12:32:25]: Waiting on counter
[12:32:25]: Run time: 44000
[12:32:25]: Waiting on counter
[12:32:25]: Waiting on counter
[12:32:25]: Waiting on counter
[12:32:25]: Waiting on counter
[12:32:25]: Waiting on counter
[12:32:25]: Run time: 46000
[12:32:25]: Waiting on counter
[12:32:25]: Waiting on counter
[12:32:25]: Waiting on counter
[12:32:25]: Waiting on counter
[12:32:25]: Waiting on counter
[12:32:25]: Run time: 45000
[12:32:25]: Waiting on counter
[12:32:25]: Waiting on counter
[12:32:25]: Waiting on counter
[12:32:25]: Waiting on counter
[12:32:25]: Waiting on counter
[12:32:25]: Run time: 44000
[12:32:25]: Spawning next mouse
[12:32:25]: Waiting on counter
[12:32:25]: Waiting on counter
[12:32:25]: Waiting on counter
[12:32:25]: Waiting on counter
[12:32:25]: Run time: 45000
[12:32:25]: Waiting on counter
[12:32:25]: Waiting on counter
[12:32:25]: Waiting on counter
[12:32:25]: Waiting on counter
[12:32:25]: Waiting on counter
[12:32:25]: Run time: 44000
[12:32:25]: Waiting on counter
[12:32:25]: Waiting on counter
[12:32:25]: Waiting on counter
[12:32:25]: Waiting on counter
[12:32:25]: Waiting on counter
[12:32:25]: Run time: 43000
[12:32:25]: Waiting on counter
[12:32:25]: Waiting on counter
[12:32:25]: Waiting on counter
[12:32:25]: Waiting on counter
[12:32:25]: Waiting on counter
[12:32:25]: Run time: 41000
[12:32:25]: Waiting on counter
[12:32:25]: Spawning next mouse
[12:32:25]: Waiting on counter
[12:32:25]: Waiting on counter
[12:32:25]: Waiting on counter
[12:32:25]: Run time: 43000
[12:32:25]: Waiting on counter
[12:32:25]: Waiting on counter
[12:32:25]: Waiting on counter
[12:32:25]: Waiting on counter
[12:32:25]: Waiting on counter
[12:32:26]: Run time: 43000
[12:32:26]: Waiting on counter
[12:32:26]: Waiting on counter
[12:32:26]: Waiting on counter
[12:32:26]: Waiting on counter
[12:32:26]: Waiting on counter
[12:32:26]: Run time: 42000
[12:32:26]: Waiting on counter
[12:32:26]: Waiting on counter
[12:32:26]: Waiting on counter
[12:32:26]: Waiting on counter
[12:32:26]: Waiting on counter
[12:32:26]: Run time: 43000
[12:32:26]: Waiting on counter
[12:32:26]: Waiting on counter
[12:32:26]: Waiting on counter
[12:32:26]: Waiting on counter
[12:32:26]: Waiting on counter
[12:32:26]: Run time: 42000
[12:32:26]: Waiting on counter
[12:32:26]: Waiting on counter
[12:32:26]: Spawning next mouse
[12:32:26]: Waiting on counter
[12:32:26]: Waiting on counter
[12:32:26]: Run time: 44000
[12:32:26]: Waiting on counter
[12:32:26]: Waiting on counter
[12:32:26]: Waiting on counter
[12:32:26]: Waiting on counter
[12:32:26]: Waiting on counter
[12:32:26]: Run time: 42000
[12:32:26]: Waiting on counter
[12:32:26]: Waiting on counter
[12:32:26]: Waiting on counter
[12:32:26]: Waiting on counter
[12:32:26]: Waiting on counter
[12:32:26]: Run time: 44000
[12:32:26]: Waiting on counter
[12:32:26]: Waiting on counter
[12:32:26]: Waiting on counter
[12:32:26]: Waiting on counter
[12:32:26]: Waiting on counter
[12:32:26]: Run time: 42000
[12:32:26]: Waiting on counter
[12:32:26]: Waiting on counter
[12:32:26]: Waiting on counter
[12:32:26]: Waiting on counter
[12:32:26]: Waiting on counter
[12:32:26]: Run time: 43000
[12:32:26]: Waiting on counter
[12:32:26]: Waiting on counter
[12:32:26]: Waiting on counter
[12:32:26]: Spawning next mouse
[12:32:26]: Waiting on counter
[12:32:26]: Run time: 44000
[12:32:26]: Waiting on counter
[12:32:26]: Waiting on counter
[12:32:26]: Waiting on counter
[12:32:26]: Waiting on counter
[12:32:26]: Waiting on counter
[12:32:26]: Run time: 43000
[12:32:26]: Waiting on counter
[12:32:26]: Waiting on counter
[12:32:26]: Waiting on counter
[12:32:26]: Waiting on counter
[12:32:26]: Waiting on counter
[12:32:26]: Run time: 44000
[12:32:26]: Waiting on counter
[12:32:26]: Waiting on counter
[12:32:26]: Waiting on counter
[12:32:26]: Waiting on counter
[12:32:26]: Waiting on counter
[12:32:26]: Run time: 43000
[12:32:26]: Waiting on counter
[12:32:26]: Waiting on counter
[12:32:26]: Waiting on counter
[12:32:26]: Waiting on counter
[12:32:26]: Spawning next mouse
[12:32:26]: Run time: 45000
[12:32:26]: Waiting on counter
[12:32:26]: Waiting on counter
[12:32:26]: Waiting on counter
[12:32:26]: Waiting on counter
[12:32:26]: Waiting on counter
[12:32:26]: Run time: 46000
[12:32:26]: Waiting on counter
[12:32:26]: Waiting on counter
[12:32:26]: Waiting on counter
[12:32:26]: Waiting on counter
[12:32:26]: Waiting on counter
[12:32:26]: Run time: 45000
[12:32:26]: Waiting on counter
[12:32:26]: Waiting on counter
[12:32:26]: Waiting on counter
[12:32:26]: Waiting on counter
[12:32:26]: Waiting on counter
[12:32:26]: Run time: 46000
[12:32:26]: Waiting on counter
[12:32:26]: Waiting on counter
[12:32:26]: Waiting on counter
[12:32:26]: Waiting on counter
[12:32:26]: Waiting on counter
[12:32:26]: Run time: 44000
[12:32:26]: Waiting on counter
[12:32:26]: Waiting on counter
[12:32:26]: Waiting on counter
[12:32:26]: Waiting on counter
[12:32:26]: Waiting on counter
[12:32:26]: Run time: 46000
[12:32:26]: Waiting on counter
[12:32:26]: Waiting on counter
[12:32:26]: Waiting on counter
[12:32:26]: Waiting on counter
[12:32:26]: Waiting on counter
[12:32:26]: Run time: 46000
[12:32:26]: Waiting on counter
[12:32:26]: Waiting on counter
[12:32:26]: Waiting on counter
[12:32:26]: Waiting on counter
[12:32:26]: Waiting on counter
[12:32:26]: Run time: 46000
[12:32:26]: Waiting on counter
[12:32:26]: Waiting on counter
[12:32:26]: Waiting on counter
[12:32:26]: Waiting on counter
[12:32:26]: Waiting on counter
[12:32:26]: Run time: 44000
[12:32:26]: Waiting on counter
[12:32:26]: Waiting on counter
[12:32:26]: Waiting on counter
[12:32:26]: Waiting on counter
[12:32:26]: Waiting on counter
[12:32:26]: Run time: 43000
[12:32:26]: Waiting on counter
[12:32:26]: Waiting on counter
[12:32:26]: Waiting on counter
[12:32:26]: Waiting on counter
[12:32:26]: Waiting on counter
[12:32:27]: Run time: 45000
[12:32:27]: Waiting on counter
[12:32:27]: Waiting on counter
[12:32:27]: Waiting on counter
[12:32:27]: Waiting on counter
[12:32:27]: Waiting on counter
[12:32:27]: Run time: 43000
[12:32:27]: Waiting on counter
[12:32:27]: Waiting on counter
[12:32:27]: Waiting on counter
[12:32:27]: Waiting on counter
[12:32:27]: Waiting on counter
[12:32:27]: Run time: 45000
[12:32:27]: Spawning next mouse
[12:32:27]: Waiting on counter
[12:32:27]: Waiting on counter
[12:32:27]: Waiting on counter
[12:32:27]: Waiting on counter
[12:32:27]: Run time: 45000
[12:32:27]: Waiting on counter
[12:32:27]: Waiting on counter
[12:32:27]: Waiting on counter
[12:32:27]: Waiting on counter
[12:32:27]: Run time: 43000
[12:32:27]: Waiting on counter
[12:32:27]: Waiting on counter
[12:32:27]: Waiting on counter
[12:32:27]: Waiting on counter
[12:32:27]: Run time: 44000
[12:32:27]: Waiting on counter
[12:32:27]: Waiting on counter
[12:32:27]: Waiting on counter
[12:32:27]: Waiting on counter
[12:32:27]: Run time: 43000
[12:32:27]: Spawning next mouse
[12:32:27]: Waiting on counter
[12:32:27]: Waiting on counter
[12:32:27]: Waiting on counter
[12:32:27]: Run time: 45000
[12:32:27]: Waiting on counter
[12:32:27]: Waiting on counter
[12:32:27]: Waiting on counter
[12:32:27]: Waiting on counter
[12:32:27]: Run time: 45000
[12:32:27]: Waiting on counter
[12:32:27]: Waiting on counter
[12:32:27]: Waiting on counter
[12:32:27]: Waiting on counter
[12:32:27]: Run time: 44000
[12:32:27]: Waiting on counter
[12:32:27]: Waiting on counter
[12:32:27]: Waiting on counter
[12:32:27]: Waiting on counter
[12:32:27]: Run time: 45000
[12:32:27]: Waiting on counter
[12:32:27]: Waiting on counter
[12:32:27]: Waiting on counter
[12:32:27]: Waiting on counter
[12:32:27]: Run time: 44000
[12:32:27]: Waiting on counter
[12:32:27]: Spawning next mouse
[12:32:27]: Waiting on counter
[12:32:27]: Waiting on counter
[12:32:27]: Run time: 46000
[12:32:27]: Waiting on counter
[12:32:27]: Waiting on counter
[12:32:27]: Waiting on counter
[12:32:27]: Waiting on counter
[12:32:27]: Run time: 45000
[12:32:27]: Waiting on counter
[12:32:27]: Waiting on counter
[12:32:27]: Waiting on counter
[12:32:27]: Waiting on counter
[12:32:27]: Run time: 44000
[12:32:27]: Waiting on counter
[12:32:27]: Waiting on counter
[12:32:27]: Waiting on counter
[12:32:27]: Waiting on counter
[12:32:27]: Run time: 44000
[12:32:27]: Waiting on counter
[12:32:27]: Waiting on counter
[12:32:27]: Waiting on counter
[12:32:27]: Waiting on counter
[12:32:27]: Run time: 46000
[12:32:27]: Waiting on counter
[12:32:27]: Waiting on counter
[12:32:27]: Spawning next mouse
[12:32:27]: Waiting on counter
[12:32:27]: Run time: 44000
[12:32:27]: Waiting on counter
[12:32:27]: Waiting on counter
[12:32:27]: Waiting on counter
[12:32:27]: Waiting on counter
[12:32:27]: Run time: 46000
[12:32:27]: Waiting on counter
[12:32:27]: Waiting on counter
[12:32:27]: Waiting on counter
[12:32:27]: Waiting on counter
[12:32:27]: Run time: 44000
[12:32:27]: Waiting on counter
[12:32:27]: Waiting on counter
[12:32:27]: Waiting on counter
[12:32:27]: Waiting on counter
[12:32:27]: Run time: 45000
[12:32:27]: Waiting on counter
[12:32:27]: Waiting on counter
[12:32:27]: Waiting on counter
[12:32:27]: Spawning next mouse
[12:32:27]: Run time: 46000
[12:32:27]: Waiting on counter
[12:32:27]: Waiting on counter
[12:32:27]: Waiting on counter
[12:32:27]: Waiting on counter
[12:32:28]: Run time: 45000
[12:32:28]: Waiting on counter
[12:32:28]: Waiting on counter
[12:32:28]: Waiting on counter
[12:32:28]: Waiting on counter
[12:32:28]: Run time: 45000
[12:32:28]: Waiting on counter
[12:32:28]: Waiting on counter
[12:32:28]: Waiting on counter
[12:32:28]: Waiting on counter
[12:32:28]: Run time: 45000
[12:32:28]: Waiting on counter
[12:32:28]: Waiting on counter
[12:32:28]: Waiting on counter
[12:32:28]: Waiting on counter
[12:32:28]: Run time: 46000
[12:32:28]: Waiting on counter
[12:32:28]: Waiting on counter
[12:32:28]: Waiting on counter
[12:32:28]: Waiting on counter
[12:32:28]: Run time: 45000
[12:32:28]: Waiting on counter
[12:32:28]: Waiting on counter
[12:32:28]: Waiting on counter
[12:32:28]: Waiting on counter
[12:32:28]: Run time: 46000
[12:32:28]: Waiting on counter
[12:32:28]: Waiting on counter
[12:32:28]: Waiting on counter
[12:32:28]: Waiting on counter
[12:32:28]: Run time: 46000
[12:32:28]: Waiting on counter
[12:32:28]: Waiting on counter
[12:32:28]: Waiting on counter
[12:32:28]: Waiting on counter
[12:32:28]: Run time: 45000
[12:32:28]: Waiting on counter
[12:32:28]: Waiting on counter
[12:32:28]: Waiting on counter
[12:32:28]: Waiting on counter
[12:32:28]: Run time: 45000
[12:32:28]: Waiting on counter
[12:32:28]: Waiting on counter
[12:32:28]: Waiting on counter
[12:32:28]: Waiting on counter
[12:32:28]: Run time: 45000
[12:32:28]: Waiting on counter
[12:32:28]: Waiting on counter
[12:32:28]: Waiting on counter
[12:32:28]: Waiting on counter
[12:32:28]: Run time: 48000
[12:32:28]: Waiting on counter
[12:32:28]: Waiting on counter
[12:32:28]: Waiting on counter
[12:32:28]: Waiting on counter
[12:32:28]: Run time: 46000
[12:32:28]: Waiting on counter
[12:32:28]: Waiting on counter
[12:32:28]: Waiting on counter
[12:32:28]: Waiting on counter
[12:32:28]: Run time: 47000
[12:32:28]: Waiting on counter
[12:32:28]: Waiting on counter
[12:32:28]: Waiting on counter
[12:32:28]: Waiting on counter
[12:32:28]: Run time: 47000
[12:32:28]: Waiting on counter
[12:32:28]: Waiting on counter
[12:32:28]: Waiting on counter
[12:32:28]: Waiting on counter
[12:32:28]: Run time: 47000
[12:32:28]: Waiting on counter
[12:32:28]: Waiting on counter
[12:32:28]: Waiting on counter
[12:32:28]: Waiting on counter
[12:32:28]: Run time: 47000
[12:32:28]: Spawning next mouse
[12:32:28]: Waiting on counter
[12:32:28]: Waiting on counter
[12:32:28]: Waiting on counter
[12:32:28]: Run time: 47000
[12:32:28]: Waiting on counter
[12:32:28]: Waiting on counter
[12:32:28]: Waiting on counter
[12:32:28]: Run time: 48000
[12:32:28]: Waiting on counter
[12:32:28]: Waiting on counter
[12:32:28]: Waiting on counter
[12:32:28]: Run time: 47000
[12:32:28]: Waiting on counter
[12:32:28]: Waiting on counter
[12:32:28]: Waiting on counter
[12:32:28]: Run time: 48000
[12:32:28]: Waiting on counter
[12:32:28]: Waiting on counter
[12:32:28]: Waiting on counter
[12:32:28]: Run time: 48000
[12:32:28]: Spawning next mouse
[12:32:28]: Waiting on counter
[12:32:28]: Waiting on counter
[12:32:28]: Run time: 50000
[12:32:28]: Waiting on counter
[12:32:28]: Waiting on counter
[12:32:28]: Waiting on counter
[12:32:29]: Run time: 49000
[12:32:29]: Waiting on counter
[12:32:29]: Waiting on counter
[12:32:29]: Waiting on counter
[12:32:29]: Run time: 47000
[12:32:29]: Waiting on counter
[12:32:29]: Waiting on counter
[12:32:29]: Waiting on counter
[12:32:29]: Run time: 48000
[12:32:29]: Waiting on counter
[12:32:29]: Waiting on counter
[12:32:29]: Waiting on counter
[12:32:29]: Run time: 49000
[12:32:29]: Waiting on counter
[12:32:29]: Spawning next mouse
[12:32:29]: Waiting on counter
[12:32:29]: Run time: 48000
[12:32:29]: Waiting on counter
[12:32:29]: Waiting on counter
[12:32:29]: Waiting on counter
[12:32:29]: Run time: 48000
[12:32:29]: Waiting on counter
[12:32:29]: Waiting on counter
[12:32:29]: Waiting on counter
[12:32:29]: Run time: 49000
[12:32:29]: Waiting on counter
[12:32:29]: Waiting on counter
[12:32:29]: Waiting on counter
[12:32:29]: Run time: 48000
[12:32:29]: Waiting on counter
[12:32:29]: Waiting on counter
[12:32:29]: Spawning next mouse
[12:32:29]: Run time: 49000
[12:32:29]: Waiting on counter
[12:32:29]: Waiting on counter
[12:32:29]: Waiting on counter
[12:32:29]: Run time: 48000
[12:32:29]: Waiting on counter
[12:32:29]: Waiting on counter
[12:32:29]: Waiting on counter
[12:32:29]: Run time: 50000
[12:32:29]: Waiting on counter
[12:32:29]: Waiting on counter
[12:32:29]: Waiting on counter
[12:32:29]: Run time: 48000
[12:32:29]: Waiting on counter
[12:32:29]: Waiting on counter
[12:32:29]: Waiting on counter
[12:32:29]: Run time: 49000
[12:32:29]: Waiting on counter
[12:32:29]: Waiting on counter
[12:32:29]: Waiting on counter
[12:32:29]: Run time: 48000
[12:32:29]: Waiting on counter
[12:32:29]: Waiting on counter
[12:32:29]: Waiting on counter
[12:32:29]: Run time: 50000
[12:32:29]: Waiting on counter
[12:32:29]: Waiting on counter
[12:32:29]: Waiting on counter
[12:32:29]: Run time: 48000
[12:32:29]: Waiting on counter
[12:32:29]: Waiting on counter
[12:32:29]: Waiting on counter
[12:32:29]: Run time: 50000
[12:32:29]: Waiting on counter
[12:32:29]: Waiting on counter
[12:32:29]: Waiting on counter
[12:32:29]: Run time: 50000
[12:32:29]: Waiting on counter
[12:32:29]: Waiting on counter
[12:32:29]: Waiting on counter
[12:32:29]: Run time: 50000
[12:32:29]: Waiting on counter
[12:32:29]: Waiting on counter
[12:32:29]: Waiting on counter
[12:32:29]: Run time: 50000
[12:32:29]: Waiting on counter
[12:32:29]: Waiting on counter
[12:32:29]: Waiting on counter
[12:32:30]: Run time: 49000
[12:32:30]: Waiting on counter
[12:32:30]: Waiting on counter
[12:32:30]: Waiting on counter
[12:32:30]: Run time: 50000
[12:32:30]: Waiting on counter
[12:32:30]: Waiting on counter
[12:32:30]: Waiting on counter
[12:32:30]: Run time: 50000
[12:32:30]: Waiting on counter
[12:32:30]: Waiting on counter
[12:32:30]: Waiting on counter
[12:32:30]: Run time: 50000
[12:32:30]: Waiting on counter
[12:32:30]: Waiting on counter
[12:32:30]: Waiting on counter
[12:32:30]: Run time: 49000
[12:32:30]: Waiting on counter
[12:32:30]: Waiting on counter
[12:32:30]: Waiting on counter
[12:32:30]: Mouse killed
[12:32:30]: Mouse killed
[12:32:30]: Mouse killed
[12:32:30]: Mouse killed
[12:32:30]: Mouse killed
[12:32:30]: Mouse killed
[12:32:30]: Mouse killed
[12:32:30]: Mouse killed
[12:32:30]: Mouse killed
[12:32:30]: Run time: 47000
[12:32:30]: Waiting on counter
[12:32:30]: Waiting on counter
[12:32:30]: Waiting on counter
[12:32:30]: Run time: 46000
[12:32:30]: Waiting on counter
[12:32:30]: Waiting on counter
[12:32:30]: Waiting on counter
[12:32:30]: Run time: 45000
[12:32:30]: Waiting on counter
[12:32:30]: Waiting on counter
[12:32:30]: Waiting on counter
[12:32:30]: Run time: 46000
[12:32:30]: Waiting on counter
[12:32:30]: Waiting on counter
[12:32:30]: Waiting on counter
[12:32:30]: Mouse killed
[12:32:30]: Mouse killed
[12:32:30]: Run time: 45000
[12:32:30]: Spawning next mouse
[12:32:30]: Waiting on counter
[12:32:30]: Waiting on counter
[12:32:30]: Run time: 46000
[12:32:30]: Waiting on counter
[12:32:30]: Waiting on counter
[12:32:30]: Run time: 47000
[12:32:30]: Waiting on counter
[12:32:30]: Waiting on counter
[12:32:30]: Run time: 45000
[12:32:30]: Waiting on counter
[12:32:30]: Waiting on counter
[12:32:30]: Mouse killed
[12:32:30]: Run time: 47000
[12:32:30]: Waiting on counter
[12:32:30]: Waiting on counter
[12:32:30]: Run time: 46000
[12:32:30]: Spawning next mouse
[12:32:30]: Waiting on counter
[12:32:30]: Run time: 45000
[12:32:30]: Waiting on counter
[12:32:30]: Waiting on counter
[12:32:30]: Run time: 46000
[12:32:30]: Waiting on counter
[12:32:30]: Waiting on counter
[12:32:30]: Run time: 45000
[12:32:30]: Waiting on counter
[12:32:30]: Waiting on counter
[12:32:30]: Run time: 45000
[12:32:30]: Waiting on counter
[12:32:30]: Spawning next mouse
[12:32:30]: Run time: 45000
[12:32:30]: Waiting on counter
[12:32:30]: Waiting on counter
[12:32:30]: Run time: 45000
[12:32:30]: Waiting on counter
[12:32:30]: Waiting on counter
[12:32:30]: Run time: 46000
[12:32:30]: Waiting on counter
[12:32:30]: Waiting on counter
[12:32:31]: Run time: 45000
[12:32:31]: Waiting on counter
[12:32:31]: Waiting on counter
[12:32:31]: Run time: 45000
[12:32:31]: Waiting on counter
[12:32:31]: Waiting on counter
[12:32:31]: Run time: 45000
[12:32:31]: Waiting on counter
[12:32:31]: Waiting on counter
[12:32:31]: Run time: 46000
[12:32:31]: Waiting on counter
[12:32:31]: Waiting on counter
[12:32:31]: Run time: 46000
[12:32:31]: Waiting on counter
[12:32:31]: Waiting on counter
[12:32:31]: Run time: 45000
[12:32:31]: Waiting on counter
[12:32:31]: Waiting on counter
[12:32:31]: Run time: 45000
[12:32:31]: Waiting on counter
[12:32:31]: Waiting on counter
[12:32:31]: Run time: 45000
[12:32:31]: Waiting on counter
[12:32:31]: Waiting on counter
[12:32:31]: Run time: 46000
[12:32:31]: Waiting on counter
[12:32:31]: Waiting on counter
[12:32:31]: Run time: 46000
[12:32:31]: Waiting on counter
[12:32:31]: Waiting on counter
[12:32:31]: Run time: 45000
[12:32:31]: Waiting on counter
[12:32:31]: Waiting on counter
[12:32:31]: Run time: 45000
[12:32:31]: Waiting on counter
[12:32:31]: Waiting on counter
[12:32:31]: Run time: 46000
[12:32:31]: Waiting on counter
[12:32:31]: Waiting on counter
[12:32:31]: Run time: 44000
[12:32:31]: Waiting on counter
[12:32:31]: Waiting on counter
[12:32:31]: Run time: 47000
[12:32:31]: Waiting on counter
[12:32:31]: Waiting on counter
[12:32:31]: Run time: 64000
[12:32:31]: Waiting on counter
[12:32:31]: Waiting on counter
[12:32:31]: Run time: 46000
[12:32:31]: Waiting on counter
[12:32:31]: Waiting on counter
