  Animation.cpp
C:\Users\boomm\Unity\23 Dover\DFRemake\libraries\SFML-3.0.0\include\SFML\System\Exception.hpp(41,47): warning C4275: non dll-interface class 'std::runtime_error' used as base for dll-interface class 'sf::Exception'
  (compiling source file 'Animation.cpp')
      C:\Program Files\Microsoft Visual Studio\2022\Community\VC\Tools\MSVC\14.42.34433\include\stdexcept(100,19):
      see declaration of 'std::runtime_error'
      C:\Users\boomm\Unity\23 Dover\DFRemake\libraries\SFML-3.0.0\include\SFML\System\Exception.hpp(41,23):
      see declaration of 'sf::Exception'
  
C:\Users\boomm\Unity\23 Dover\DFRemake\Animation.cpp(85,36): warning C4305: 'argument': truncation from 'double' to 'float'
C:\Users\boomm\Unity\23 Dover\DFRemake\Animation.cpp(85,30): warning C4305: 'argument': truncation from 'double' to 'float'
C:\Users\boomm\Unity\23 Dover\DFRemake\Animation.cpp(90,37): warning C4305: 'argument': truncation from 'double' to 'float'
C:\Users\boomm\Unity\23 Dover\DFRemake\Animation.cpp(90,31): warning C4305: 'argument': truncation from 'double' to 'float'
C:\Users\boomm\Unity\23 Dover\DFRemake\Animation.cpp(94,80): warning C4244: 'argument': conversion from 'double' to 'float', possible loss of data
C:\Users\boomm\Unity\23 Dover\DFRemake\Animation.cpp(94,44): warning C4244: 'argument': conversion from 'double' to 'float', possible loss of data
C:\Users\boomm\Unity\23 Dover\DFRemake\Animation.cpp(95,63): warning C4244: 'argument': conversion from 'int' to 'float', possible loss of data
C:\Users\boomm\Unity\23 Dover\DFRemake\Animation.cpp(95,38): warning C4244: 'argument': conversion from 'int' to 'float', possible loss of data
  Block.cpp
C:\Users\boomm\Unity\23 Dover\DFRemake\libraries\SFML-3.0.0\include\SFML\System\Exception.hpp(41,47): warning C4275: non dll-interface class 'std::runtime_error' used as base for dll-interface class 'sf::Exception'
  (compiling source file 'Block.cpp')
      C:\Program Files\Microsoft Visual Studio\2022\Community\VC\Tools\MSVC\14.42.34433\include\stdexcept(100,19):
      see declaration of 'std::runtime_error'
      C:\Users\boomm\Unity\23 Dover\DFRemake\libraries\SFML-3.0.0\include\SFML\System\Exception.hpp(41,23):
      see declaration of 'sf::Exception'
  
  Box.cpp
  Button.cpp
C:\Users\boomm\Unity\23 Dover\DFRemake\libraries\SFML-3.0.0\include\SFML\System\Exception.hpp(41,47): warning C4275: non dll-interface class 'std::runtime_error' used as base for dll-interface class 'sf::Exception'
  (compiling source file 'Button.cpp')
      C:\Program Files\Microsoft Visual Studio\2022\Community\VC\Tools\MSVC\14.42.34433\include\stdexcept(100,19):
      see declaration of 'std::runtime_error'
      C:\Users\boomm\Unity\23 Dover\DFRemake\libraries\SFML-3.0.0\include\SFML\System\Exception.hpp(41,23):
      see declaration of 'sf::Exception'
  
  Clock.cpp
  DisplayManager.cpp
C:\Users\boomm\Unity\23 Dover\DFRemake\libraries\SFML-3.0.0\include\SFML\System\Exception.hpp(41,47): warning C4275: non dll-interface class 'std::runtime_error' used as base for dll-interface class 'sf::Exception'
  (compiling source file 'DisplayManager.cpp')
      C:\Program Files\Microsoft Visual Studio\2022\Community\VC\Tools\MSVC\14.42.34433\include\stdexcept(100,19):
      see declaration of 'std::runtime_error'
      C:\Users\boomm\Unity\23 Dover\DFRemake\libraries\SFML-3.0.0\include\SFML\System\Exception.hpp(41,23):
      see declaration of 'sf::Exception'
  
C:\Users\boomm\Unity\23 Dover\DFRemake\DisplayManager.cpp(80,37): warning C4244: 'argument': conversion from 'float' to 'unsigned int', possible loss of data
C:\Users\boomm\Unity\23 Dover\DFRemake\DisplayManager.cpp(83,38): warning C4244: 'argument': conversion from 'float' to 'unsigned int', possible loss of data
  Event.cpp
  EventCollision.cpp
  EventKeyboard.cpp
C:\Users\boomm\Unity\23 Dover\DFRemake\libraries\SFML-3.0.0\include\SFML\System\Exception.hpp(41,47): warning C4275: non dll-interface class 'std::runtime_error' used as base for dll-interface class 'sf::Exception'
  (compiling source file 'EventKeyboard.cpp')
      C:\Program Files\Microsoft Visual Studio\2022\Community\VC\Tools\MSVC\14.42.34433\include\stdexcept(100,19):
      see declaration of 'std::runtime_error'
      C:\Users\boomm\Unity\23 Dover\DFRemake\libraries\SFML-3.0.0\include\SFML\System\Exception.hpp(41,23):
      see declaration of 'sf::Exception'
  
  EventMouse.cpp
C:\Users\boomm\Unity\23 Dover\DFRemake\libraries\SFML-3.0.0\include\SFML\System\Exception.hpp(41,47): warning C4275: non dll-interface class 'std::runtime_error' used as base for dll-interface class 'sf::Exception'
  (compiling source file 'EventMouse.cpp')
      C:\Program Files\Microsoft Visual Studio\2022\Community\VC\Tools\MSVC\14.42.34433\include\stdexcept(100,19):
      see declaration of 'std::runtime_error'
      C:\Users\boomm\Unity\23 Dover\DFRemake\libraries\SFML-3.0.0\include\SFML\System\Exception.hpp(41,23):
      see declaration of 'sf::Exception'
  
  EventOut.cpp
  EventStep.cpp
  EventView.cpp
  Frame.cpp
C:\Users\boomm\Unity\23 Dover\DFRemake\libraries\SFML-3.0.0\include\SFML\System\Exception.hpp(41,47): warning C4275: non dll-interface class 'std::runtime_error' used as base for dll-interface class 'sf::Exception'
  (compiling source file 'Frame.cpp')
      C:\Program Files\Microsoft Visual Studio\2022\Community\VC\Tools\MSVC\14.42.34433\include\stdexcept(100,19):
      see declaration of 'std::runtime_error'
      C:\Users\boomm\Unity\23 Dover\DFRemake\libraries\SFML-3.0.0\include\SFML\System\Exception.hpp(41,23):
      see declaration of 'sf::Exception'
  
  game.cpp
C:\Users\boomm\Unity\23 Dover\DFRemake\libraries\SFML-3.0.0\include\SFML\System\Exception.hpp(41,47): warning C4275: non dll-interface class 'std::runtime_error' used as base for dll-interface class 'sf::Exception'
  (compiling source file 'game.cpp')
      C:\Program Files\Microsoft Visual Studio\2022\Community\VC\Tools\MSVC\14.42.34433\include\stdexcept(100,19):
      see declaration of 'std::runtime_error'
      C:\Users\boomm\Unity\23 Dover\DFRemake\libraries\SFML-3.0.0\include\SFML\System\Exception.hpp(41,23):
      see declaration of 'sf::Exception'
  
  GameManager.cpp
C:\Users\boomm\Unity\23 Dover\DFRemake\libraries\SFML-3.0.0\include\SFML\System\Exception.hpp(41,47): warning C4275: non dll-interface class 'std::runtime_error' used as base for dll-interface class 'sf::Exception'
  (compiling source file 'GameManager.cpp')
      C:\Program Files\Microsoft Visual Studio\2022\Community\VC\Tools\MSVC\14.42.34433\include\stdexcept(100,19):
      see declaration of 'std::runtime_error'
      C:\Users\boomm\Unity\23 Dover\DFRemake\libraries\SFML-3.0.0\include\SFML\System\Exception.hpp(41,23):
      see declaration of 'sf::Exception'
  
C:\Users\boomm\Unity\23 Dover\DFRemake\GameManager.cpp(48,69): warning C4244: 'argument': conversion from 'int' to 'float', possible loss of data
C:\Users\boomm\Unity\23 Dover\DFRemake\GameManager.cpp(48,51): warning C4244: 'argument': conversion from 'int' to 'float', possible loss of data
C:\Users\boomm\Unity\23 Dover\DFRemake\GameManager.cpp(49,65): warning C4244: 'argument': conversion from 'int' to 'float', possible loss of data
C:\Users\boomm\Unity\23 Dover\DFRemake\GameManager.cpp(49,47): warning C4244: 'argument': conversion from 'int' to 'float', possible loss of data
  GlueTrapButton.cpp
C:\Users\boomm\Unity\23 Dover\DFRemake\libraries\SFML-3.0.0\include\SFML\System\Exception.hpp(41,47): warning C4275: non dll-interface class 'std::runtime_error' used as base for dll-interface class 'sf::Exception'
  (compiling source file 'GlueTrapButton.cpp')
      C:\Program Files\Microsoft Visual Studio\2022\Community\VC\Tools\MSVC\14.42.34433\include\stdexcept(100,19):
      see declaration of 'std::runtime_error'
      C:\Users\boomm\Unity\23 Dover\DFRemake\libraries\SFML-3.0.0\include\SFML\System\Exception.hpp(41,23):
      see declaration of 'sf::Exception'
  
  InputManager.cpp
C:\Users\boomm\Unity\23 Dover\DFRemake\libraries\SFML-3.0.0\include\SFML\System\Exception.hpp(41,47): warning C4275: non dll-interface class 'std::runtime_error' used as base for dll-interface class 'sf::Exception'
  (compiling source file 'InputManager.cpp')
      C:\Program Files\Microsoft Visual Studio\2022\Community\VC\Tools\MSVC\14.42.34433\include\stdexcept(100,19):
      see declaration of 'std::runtime_error'
      C:\Users\boomm\Unity\23 Dover\DFRemake\libraries\SFML-3.0.0\include\SFML\System\Exception.hpp(41,23):
      see declaration of 'sf::Exception'
  
C:\Users\boomm\Unity\23 Dover\DFRemake\InputManager.cpp(82,48): warning C4244: 'argument': conversion from 'T' to 'float', possible loss of data
C:\Users\boomm\Unity\23 Dover\DFRemake\InputManager.cpp(82,48): warning C4244:         with
C:\Users\boomm\Unity\23 Dover\DFRemake\InputManager.cpp(82,48): warning C4244:         [
C:\Users\boomm\Unity\23 Dover\DFRemake\InputManager.cpp(82,48): warning C4244:             T=int
C:\Users\boomm\Unity\23 Dover\DFRemake\InputManager.cpp(82,48): warning C4244:         ]
C:\Users\boomm\Unity\23 Dover\DFRemake\InputManager.cpp(82,41): warning C4244: 'argument': conversion from 'T' to 'float', possible loss of data
C:\Users\boomm\Unity\23 Dover\DFRemake\InputManager.cpp(82,41): warning C4244:         with
C:\Users\boomm\Unity\23 Dover\DFRemake\InputManager.cpp(82,41): warning C4244:         [
C:\Users\boomm\Unity\23 Dover\DFRemake\InputManager.cpp(82,41): warning C4244:             T=int
C:\Users\boomm\Unity\23 Dover\DFRemake\InputManager.cpp(82,41): warning C4244:         ]
C:\Users\boomm\Unity\23 Dover\DFRemake\InputManager.cpp(84,34): warning C4244: 'argument': conversion from 'T' to 'float', possible loss of data
C:\Users\boomm\Unity\23 Dover\DFRemake\InputManager.cpp(84,34): warning C4244:         with
C:\Users\boomm\Unity\23 Dover\DFRemake\InputManager.cpp(84,34): warning C4244:         [
C:\Users\boomm\Unity\23 Dover\DFRemake\InputManager.cpp(84,34): warning C4244:             T=int
C:\Users\boomm\Unity\23 Dover\DFRemake\InputManager.cpp(84,34): warning C4244:         ]
C:\Users\boomm\Unity\23 Dover\DFRemake\InputManager.cpp(84,27): warning C4244: 'argument': conversion from 'T' to 'float', possible loss of data
C:\Users\boomm\Unity\23 Dover\DFRemake\InputManager.cpp(84,27): warning C4244:         with
C:\Users\boomm\Unity\23 Dover\DFRemake\InputManager.cpp(84,27): warning C4244:         [
C:\Users\boomm\Unity\23 Dover\DFRemake\InputManager.cpp(84,27): warning C4244:             T=int
C:\Users\boomm\Unity\23 Dover\DFRemake\InputManager.cpp(84,27): warning C4244:         ]
C:\Users\boomm\Unity\23 Dover\DFRemake\InputManager.cpp(98,48): warning C4244: 'argument': conversion from 'T' to 'float', possible loss of data
C:\Users\boomm\Unity\23 Dover\DFRemake\InputManager.cpp(98,48): warning C4244:         with
C:\Users\boomm\Unity\23 Dover\DFRemake\InputManager.cpp(98,48): warning C4244:         [
C:\Users\boomm\Unity\23 Dover\DFRemake\InputManager.cpp(98,48): warning C4244:             T=int
C:\Users\boomm\Unity\23 Dover\DFRemake\InputManager.cpp(98,48): warning C4244:         ]
C:\Users\boomm\Unity\23 Dover\DFRemake\InputManager.cpp(98,41): warning C4244: 'argument': conversion from 'T' to 'float', possible loss of data
C:\Users\boomm\Unity\23 Dover\DFRemake\InputManager.cpp(98,41): warning C4244:         with
C:\Users\boomm\Unity\23 Dover\DFRemake\InputManager.cpp(98,41): warning C4244:         [
C:\Users\boomm\Unity\23 Dover\DFRemake\InputManager.cpp(98,41): warning C4244:             T=int
C:\Users\boomm\Unity\23 Dover\DFRemake\InputManager.cpp(98,41): warning C4244:         ]
  LogManager.cpp
  Manager.cpp
  Compiling...
  Mice.cpp
C:\Users\boomm\Unity\23 Dover\DFRemake\Mice.cpp(53,11): warning C4244: 'initializing': conversion from 'double' to 'float', possible loss of data
C:\Users\boomm\Unity\23 Dover\DFRemake\Mice.cpp(54,11): warning C4244: 'initializing': conversion from 'double' to 'float', possible loss of data
  MiceAttack.cpp
  MiceWave.cpp
  MouseTrap.cpp
C:\Users\boomm\Unity\23 Dover\DFRemake\libraries\SFML-3.0.0\include\SFML\System\Exception.hpp(41,47): warning C4275: non dll-interface class 'std::runtime_error' used as base for dll-interface class 'sf::Exception'
  (compiling source file 'MouseTrap.cpp')
      C:\Program Files\Microsoft Visual Studio\2022\Community\VC\Tools\MSVC\14.42.34433\include\stdexcept(100,19):
      see declaration of 'std::runtime_error'
      C:\Users\boomm\Unity\23 Dover\DFRemake\libraries\SFML-3.0.0\include\SFML\System\Exception.hpp(41,23):
      see declaration of 'sf::Exception'
  
  MouseTrapButton.cpp
C:\Users\boomm\Unity\23 Dover\DFRemake\libraries\SFML-3.0.0\include\SFML\System\Exception.hpp(41,47): warning C4275: non dll-interface class 'std::runtime_error' used as base for dll-interface class 'sf::Exception'
  (compiling source file 'MouseTrapButton.cpp')
      C:\Program Files\Microsoft Visual Studio\2022\Community\VC\Tools\MSVC\14.42.34433\include\stdexcept(100,19):
      see declaration of 'std::runtime_error'
      C:\Users\boomm\Unity\23 Dover\DFRemake\libraries\SFML-3.0.0\include\SFML\System\Exception.hpp(41,23):
      see declaration of 'sf::Exception'
  
  Music.cpp
C:\Users\boomm\Unity\23 Dover\DFRemake\libraries\SFML-3.0.0\include\SFML\System\Exception.hpp(41,47): warning C4275: non dll-interface class 'std::runtime_error' used as base for dll-interface class 'sf::Exception'
  (compiling source file 'Music.cpp')
      C:\Program Files\Microsoft Visual Studio\2022\Community\VC\Tools\MSVC\14.42.34433\include\stdexcept(100,19):
      see declaration of 'std::runtime_error'
      C:\Users\boomm\Unity\23 Dover\DFRemake\libraries\SFML-3.0.0\include\SFML\System\Exception.hpp(41,23):
      see declaration of 'sf::Exception'
  
  Object.cpp
C:\Users\boomm\Unity\23 Dover\DFRemake\libraries\SFML-3.0.0\include\SFML\System\Exception.hpp(41,47): warning C4275: non dll-interface class 'std::runtime_error' used as base for dll-interface class 'sf::Exception'
  (compiling source file 'Object.cpp')
      C:\Program Files\Microsoft Visual Studio\2022\Community\VC\Tools\MSVC\14.42.34433\include\stdexcept(100,19):
      see declaration of 'std::runtime_error'
      C:\Users\boomm\Unity\23 Dover\DFRemake\libraries\SFML-3.0.0\include\SFML\System\Exception.hpp(41,23):
      see declaration of 'sf::Exception'
  
  ObjectList.cpp
C:\Users\boomm\Unity\23 Dover\DFRemake\ObjectList.cpp(63,21): warning C4267: 'return': conversion from 'size_t' to 'int', possible loss of data
  Player.cpp
C:\Users\boomm\Unity\23 Dover\DFRemake\libraries\SFML-3.0.0\include\SFML\System\Exception.hpp(41,47): warning C4275: non dll-interface class 'std::runtime_error' used as base for dll-interface class 'sf::Exception'
  (compiling source file 'Player.cpp')
      C:\Program Files\Microsoft Visual Studio\2022\Community\VC\Tools\MSVC\14.42.34433\include\stdexcept(100,19):
      see declaration of 'std::runtime_error'
      C:\Users\boomm\Unity\23 Dover\DFRemake\libraries\SFML-3.0.0\include\SFML\System\Exception.hpp(41,23):
      see declaration of 'sf::Exception'
  
  Rat.cpp
C:\Users\boomm\Unity\23 Dover\DFRemake\libraries\SFML-3.0.0\include\SFML\System\Exception.hpp(41,47): warning C4275: non dll-interface class 'std::runtime_error' used as base for dll-interface class 'sf::Exception'
  (compiling source file 'Rat.cpp')
      C:\Program Files\Microsoft Visual Studio\2022\Community\VC\Tools\MSVC\14.42.34433\include\stdexcept(100,19):
      see declaration of 'std::runtime_error'
      C:\Users\boomm\Unity\23 Dover\DFRemake\libraries\SFML-3.0.0\include\SFML\System\Exception.hpp(41,23):
      see declaration of 'sf::Exception'
  
  ResourceManager.cpp
C:\Users\boomm\Unity\23 Dover\DFRemake\libraries\SFML-3.0.0\include\SFML\System\Exception.hpp(41,47): warning C4275: non dll-interface class 'std::runtime_error' used as base for dll-interface class 'sf::Exception'
  (compiling source file 'ResourceManager.cpp')
      C:\Program Files\Microsoft Visual Studio\2022\Community\VC\Tools\MSVC\14.42.34433\include\stdexcept(100,19):
      see declaration of 'std::runtime_error'
      C:\Users\boomm\Unity\23 Dover\DFRemake\libraries\SFML-3.0.0\include\SFML\System\Exception.hpp(41,23):
      see declaration of 'sf::Exception'
  
  Reticle.cpp
C:\Users\boomm\Unity\23 Dover\DFRemake\libraries\SFML-3.0.0\include\SFML\System\Exception.hpp(41,47): warning C4275: non dll-interface class 'std::runtime_error' used as base for dll-interface class 'sf::Exception'
  (compiling source file 'Reticle.cpp')
      C:\Program Files\Microsoft Visual Studio\2022\Community\VC\Tools\MSVC\14.42.34433\include\stdexcept(100,19):
      see declaration of 'std::runtime_error'
      C:\Users\boomm\Unity\23 Dover\DFRemake\libraries\SFML-3.0.0\include\SFML\System\Exception.hpp(41,23):
      see declaration of 'sf::Exception'
  
C:\Users\boomm\Unity\23 Dover\DFRemake\Reticle.cpp(29,46): warning C4244: 'argument': conversion from 'int' to 'float', possible loss of data
C:\Users\boomm\Unity\23 Dover\DFRemake\Reticle.cpp(29,30): warning C4244: 'argument': conversion from 'int' to 'float', possible loss of data
  ScoreManager.cpp
  SendWaveButton.cpp
C:\Users\boomm\Unity\23 Dover\DFRemake\libraries\SFML-3.0.0\include\SFML\System\Exception.hpp(41,47): warning C4275: non dll-interface class 'std::runtime_error' used as base for dll-interface class 'sf::Exception'
  (compiling source file 'SendWaveButton.cpp')
      C:\Program Files\Microsoft Visual Studio\2022\Community\VC\Tools\MSVC\14.42.34433\include\stdexcept(100,19):
      see declaration of 'std::runtime_error'
      C:\Users\boomm\Unity\23 Dover\DFRemake\libraries\SFML-3.0.0\include\SFML\System\Exception.hpp(41,23):
      see declaration of 'sf::Exception'
  
C:\Users\boomm\Unity\23 Dover\DFRemake\SendWaveButton.cpp(15,44): warning C4244: 'argument': conversion from 'int' to 'float', possible loss of data
  Sound.cpp
C:\Users\boomm\Unity\23 Dover\DFRemake\libraries\SFML-3.0.0\include\SFML\System\Exception.hpp(41,47): warning C4275: non dll-interface class 'std::runtime_error' used as base for dll-interface class 'sf::Exception'
  (compiling source file 'Sound.cpp')
      C:\Program Files\Microsoft Visual Studio\2022\Community\VC\Tools\MSVC\14.42.34433\include\stdexcept(100,19):
      see declaration of 'std::runtime_error'
      C:\Users\boomm\Unity\23 Dover\DFRemake\libraries\SFML-3.0.0\include\SFML\System\Exception.hpp(41,23):
      see declaration of 'sf::Exception'
  
  Sprite.cpp
  Path.cpp
C:\Users\boomm\Unity\23 Dover\DFRemake\libraries\SFML-3.0.0\include\SFML\System\Exception.hpp(41,47): warning C4275: non dll-interface class 'std::runtime_error' used as base for dll-interface class 'sf::Exception'
  (compiling source file 'Path.cpp')
      C:\Program Files\Microsoft Visual Studio\2022\Community\VC\Tools\MSVC\14.42.34433\include\stdexcept(100,19):
      see declaration of 'std::runtime_error'
      C:\Users\boomm\Unity\23 Dover\DFRemake\libraries\SFML-3.0.0\include\SFML\System\Exception.hpp(41,23):
      see declaration of 'sf::Exception'
  
C:\Users\boomm\Unity\23 Dover\DFRemake\Path.cpp(11,14): warning C4244: 'initializing': conversion from 'int' to 'float', possible loss of data
C:\Users\boomm\Unity\23 Dover\DFRemake\Path.cpp(12,14): warning C4244: 'initializing': conversion from 'int' to 'float', possible loss of data
  GameStart.cpp
C:\Users\boomm\Unity\23 Dover\DFRemake\libraries\SFML-3.0.0\include\SFML\System\Exception.hpp(41,47): warning C4275: non dll-interface class 'std::runtime_error' used as base for dll-interface class 'sf::Exception'
  (compiling source file 'GameStart.cpp')
      C:\Program Files\Microsoft Visual Studio\2022\Community\VC\Tools\MSVC\14.42.34433\include\stdexcept(100,19):
      see declaration of 'std::runtime_error'
      C:\Users\boomm\Unity\23 Dover\DFRemake\libraries\SFML-3.0.0\include\SFML\System\Exception.hpp(41,23):
      see declaration of 'sf::Exception'
  
C:\Users\boomm\Unity\23 Dover\DFRemake\GameStart.cpp(27,14): warning C4244: 'initializing': conversion from 'int' to 'float', possible loss of data
C:\Users\boomm\Unity\23 Dover\DFRemake\GameStart.cpp(28,13): warning C4244: 'initializing': conversion from 'int' to 'float', possible loss of data
  GlueTrap.cpp
C:\Users\boomm\Unity\23 Dover\DFRemake\libraries\SFML-3.0.0\include\SFML\System\Exception.hpp(41,47): warning C4275: non dll-interface class 'std::runtime_error' used as base for dll-interface class 'sf::Exception'
  (compiling source file 'GlueTrap.cpp')
      C:\Program Files\Microsoft Visual Studio\2022\Community\VC\Tools\MSVC\14.42.34433\include\stdexcept(100,19):
      see declaration of 'std::runtime_error'
      C:\Users\boomm\Unity\23 Dover\DFRemake\libraries\SFML-3.0.0\include\SFML\System\Exception.hpp(41,23):
      see declaration of 'sf::Exception'
  
  MouseRepellent.cpp
C:\Users\boomm\Unity\23 Dover\DFRemake\libraries\SFML-3.0.0\include\SFML\System\Exception.hpp(41,47): warning C4275: non dll-interface class 'std::runtime_error' used as base for dll-interface class 'sf::Exception'
  (compiling source file 'MouseRepellent.cpp')
      C:\Program Files\Microsoft Visual Studio\2022\Community\VC\Tools\MSVC\14.42.34433\include\stdexcept(100,19):
      see declaration of 'std::runtime_error'
      C:\Users\boomm\Unity\23 Dover\DFRemake\libraries\SFML-3.0.0\include\SFML\System\Exception.hpp(41,23):
      see declaration of 'sf::Exception'
  
  Compiling...
  MouseRepellentButton.cpp
C:\Users\boomm\Unity\23 Dover\DFRemake\libraries\SFML-3.0.0\include\SFML\System\Exception.hpp(41,47): warning C4275: non dll-interface class 'std::runtime_error' used as base for dll-interface class 'sf::Exception'
  (compiling source file 'MouseRepellentButton.cpp')
      C:\Program Files\Microsoft Visual Studio\2022\Community\VC\Tools\MSVC\14.42.34433\include\stdexcept(100,19):
      see declaration of 'std::runtime_error'
      C:\Users\boomm\Unity\23 Dover\DFRemake\libraries\SFML-3.0.0\include\SFML\System\Exception.hpp(41,23):
      see declaration of 'sf::Exception'
  
  test.cpp
  test2.cpp
  Trap.cpp
C:\Users\boomm\Unity\23 Dover\DFRemake\libraries\SFML-3.0.0\include\SFML\System\Exception.hpp(41,47): warning C4275: non dll-interface class 'std::runtime_error' used as base for dll-interface class 'sf::Exception'
  (compiling source file 'Trap.cpp')
      C:\Program Files\Microsoft Visual Studio\2022\Community\VC\Tools\MSVC\14.42.34433\include\stdexcept(100,19):
      see declaration of 'std::runtime_error'
      C:\Users\boomm\Unity\23 Dover\DFRemake\libraries\SFML-3.0.0\include\SFML\System\Exception.hpp(41,23):
      see declaration of 'sf::Exception'
  
  Vector.cpp
C:\Users\boomm\Unity\23 Dover\DFRemake\Vector.cpp(46,18): warning C4244: 'initializing': conversion from 'double' to 'float', possible loss of data
  ViewObject.cpp
C:\Users\boomm\Unity\23 Dover\DFRemake\libraries\SFML-3.0.0\include\SFML\System\Exception.hpp(41,47): warning C4275: non dll-interface class 'std::runtime_error' used as base for dll-interface class 'sf::Exception'
  (compiling source file 'ViewObject.cpp')
      C:\Program Files\Microsoft Visual Studio\2022\Community\VC\Tools\MSVC\14.42.34433\include\stdexcept(100,19):
      see declaration of 'std::runtime_error'
      C:\Users\boomm\Unity\23 Dover\DFRemake\libraries\SFML-3.0.0\include\SFML\System\Exception.hpp(41,23):
      see declaration of 'sf::Exception'
  
  WorldManager.cpp
C:\Users\boomm\Unity\23 Dover\DFRemake\libraries\SFML-3.0.0\include\SFML\System\Exception.hpp(41,47): warning C4275: non dll-interface class 'std::runtime_error' used as base for dll-interface class 'sf::Exception'
  (compiling source file 'WorldManager.cpp')
      C:\Program Files\Microsoft Visual Studio\2022\Community\VC\Tools\MSVC\14.42.34433\include\stdexcept(100,19):
      see declaration of 'std::runtime_error'
      C:\Users\boomm\Unity\23 Dover\DFRemake\libraries\SFML-3.0.0\include\SFML\System\Exception.hpp(41,23):
      see declaration of 'sf::Exception'
  
  Generating code
  1163 of 1176 functions (98.9%) were compiled, the rest were copied from previous compilation.
    377 functions were new in current compilation
    2 functions had inline decision re-evaluated but remain unchanged
  Finished generating code
  DFRemake.vcxproj -> C:\Users\boomm\Unity\23 Dover\x64\Release\DFRemake.exe
