  game.cpp
C:\Users\boomm\Unity\23 Dover\DFRemake\libraries\SFML-3.0.0\include\SFML\System\Exception.hpp(41,47): warning C4275: non dll-interface class 'std::runtime_error' used as base for dll-interface class 'sf::Exception'
  (compiling source file 'game.cpp')
      C:\Program Files\Microsoft Visual Studio\2022\Community\VC\Tools\MSVC\14.42.34433\include\stdexcept(100,19):
      see declaration of 'std::runtime_error'
      C:\Users\boomm\Unity\23 Dover\DFRemake\libraries\SFML-3.0.0\include\SFML\System\Exception.hpp(41,23):
      see declaration of 'sf::Exception'
  
C:\Users\boomm\Unity\23 Dover\DFRemake\ViewObject.h(8,7): error C2011: 'df::ViewObjectLocation': 'enum' type redefinition
  (compiling source file 'game.cpp')
      C:\Users\boomm\Unity\23 Dover\DFRemake\ViewObject.h(8,7):
      see declaration of 'df::ViewObjectLocation'
  
C:\Users\boomm\Unity\23 Dover\DFRemake\ViewObject.h(21,8): error C2011: 'df::ViewObject': 'class' type redefinition
  (compiling source file 'game.cpp')
      C:\Users\boomm\Unity\23 Dover\DFRemake\ViewObject.h(21,8):
      see declaration of 'df::ViewObject'
  
  GameStart.cpp
C:\Users\boomm\Unity\23 Dover\DFRemake\libraries\SFML-3.0.0\include\SFML\System\Exception.hpp(41,47): warning C4275: non dll-interface class 'std::runtime_error' used as base for dll-interface class 'sf::Exception'
  (compiling source file 'GameStart.cpp')
      C:\Program Files\Microsoft Visual Studio\2022\Community\VC\Tools\MSVC\14.42.34433\include\stdexcept(100,19):
      see declaration of 'std::runtime_error'
      C:\Users\boomm\Unity\23 Dover\DFRemake\libraries\SFML-3.0.0\include\SFML\System\Exception.hpp(41,23):
      see declaration of 'sf::Exception'
  
C:\Users\boomm\Unity\23 Dover\DFRemake\GameStart.cpp(18,5): error C3861: 'setType': identifier not found
C:\Users\boomm\Unity\23 Dover\DFRemake\GameStart.cpp(21,5): error C3861: 'setLocation': identifier not found
C:\Users\boomm\Unity\23 Dover\DFRemake\GameStart.cpp(24,5): error C3861: 'setSprite': identifier not found
  Generating Code...
