c:\users\boomm\unity\23 dover\dfremake\x64\debug\vc143.pdb
c:\users\boomm\unity\23 dover\dfremake\x64\debug\vc143.idb
c:\users\boomm\unity\23 dover\dfremake\x64\debug\mousetrap.obj
c:\users\boomm\unity\23 dover\dfremake\x64\debug\manager.obj
c:\users\boomm\unity\23 dover\dfremake\x64\debug\logmanager.obj
c:\users\boomm\unity\23 dover\dfremake\x64\debug\inputmanager.obj
c:\users\boomm\unity\23 dover\dfremake\x64\debug\gamemanager.obj
c:\users\boomm\unity\23 dover\dfremake\x64\debug\game.obj
c:\users\boomm\unity\23 dover\dfremake\x64\debug\frame.obj
c:\users\boomm\unity\23 dover\dfremake\x64\debug\eventview.obj
c:\users\boomm\unity\23 dover\dfremake\x64\debug\eventstep.obj
c:\users\boomm\unity\23 dover\dfremake\x64\debug\eventout.obj
c:\users\boomm\unity\23 dover\dfremake\x64\debug\eventmouse.obj
c:\users\boomm\unity\23 dover\dfremake\x64\debug\eventkeyboard.obj
c:\users\boomm\unity\23 dover\dfremake\x64\debug\eventcollision.obj
c:\users\boomm\unity\23 dover\dfremake\x64\debug\event.obj
c:\users\boomm\unity\23 dover\dfremake\x64\debug\displaymanager.obj
c:\users\boomm\unity\23 dover\dfremake\x64\debug\clock.obj
c:\users\boomm\unity\23 dover\dfremake\x64\debug\box.obj
c:\users\boomm\unity\23 dover\dfremake\x64\debug\block.obj
c:\users\boomm\unity\23 dover\dfremake\x64\debug\animation.obj
c:\users\boomm\unity\23 dover\dfremake\x64\debug\worldmanager.obj
c:\users\boomm\unity\23 dover\dfremake\x64\debug\viewobject.obj
c:\users\boomm\unity\23 dover\dfremake\x64\debug\vector.obj
c:\users\boomm\unity\23 dover\dfremake\x64\debug\trap.obj
c:\users\boomm\unity\23 dover\dfremake\x64\debug\test2.obj
c:\users\boomm\unity\23 dover\dfremake\x64\debug\test.obj
c:\users\boomm\unity\23 dover\dfremake\x64\debug\sprite.obj
c:\users\boomm\unity\23 dover\dfremake\x64\debug\sound.obj
c:\users\boomm\unity\23 dover\dfremake\x64\debug\resourcemanager.obj
c:\users\boomm\unity\23 dover\dfremake\x64\debug\rat.obj
c:\users\boomm\unity\23 dover\dfremake\x64\debug\player.obj
c:\users\boomm\unity\23 dover\dfremake\x64\debug\objectlist.obj
c:\users\boomm\unity\23 dover\dfremake\x64\debug\object.obj
c:\users\boomm\unity\23 dover\dfremake\x64\debug\music.obj
c:\users\boomm\unity\23 dover\dfremake\x64\debug\path.obj
c:\users\boomm\unity\23 dover\dfremake\x64\debug\mousetrapbutton.obj
c:\users\boomm\unity\23 dover\dfremake\x64\debug\mice.obj
c:\users\boomm\unity\23 dover\dfremake\x64\debug\scoremanager.obj
c:\users\boomm\unity\23 dover\dfremake\x64\debug\button.obj
c:\users\boomm\unity\23 dover\dfremake\x64\debug\reticle.obj
c:\users\boomm\unity\23 dover\dfremake\x64\debug\micewave.obj
c:\users\boomm\unity\23 dover\dfremake\x64\debug\miceattack.obj
c:\users\boomm\unity\23 dover\dfremake\x64\debug\sendwavebutton.obj
c:\users\boomm\unity\23 dover\dfremake\x64\debug\gamestart.obj
c:\users\boomm\unity\23 dover\dfremake\x64\debug\gluetrap.obj
c:\users\boomm\unity\23 dover\dfremake\x64\debug\gluetrapbutton.obj
c:\users\boomm\unity\23 dover\dfremake\x64\debug\mouserepellent.obj
c:\users\boomm\unity\23 dover\dfremake\x64\debug\mouserepellentbutton.obj
c:\users\boomm\unity\23 dover\dfremake\x64\debug\instructions.obj
c:\users\boomm\unity\23 dover\x64\debug\dfremake.exe
c:\users\boomm\unity\23 dover\x64\debug\dfremake.pdb
c:\users\boomm\unity\23 dover\dfremake\x64\debug\dfremake.ilk
c:\users\boomm\unity\23 dover\dfremake\x64\debug\mouse.obj
c:\users\boomm\unity\23 dover\dfremake\x64\debug\dfremake.tlog\cl.command.1.tlog
c:\users\boomm\unity\23 dover\dfremake\x64\debug\dfremake.tlog\cl.items.tlog
c:\users\boomm\unity\23 dover\dfremake\x64\debug\dfremake.tlog\cl.read.1.tlog
c:\users\boomm\unity\23 dover\dfremake\x64\debug\dfremake.tlog\cl.write.1.tlog
c:\users\boomm\unity\23 dover\dfremake\x64\debug\dfremake.tlog\link.command.1.tlog
c:\users\boomm\unity\23 dover\dfremake\x64\debug\dfremake.tlog\link.read.1.tlog
c:\users\boomm\unity\23 dover\dfremake\x64\debug\dfremake.tlog\link.secondary.1.tlog
c:\users\boomm\unity\23 dover\dfremake\x64\debug\dfremake.tlog\link.write.1.tlog
